-------------------------------------------------------------------------------
Test set: cl.kibernum.RunCucumberTest
-------------------------------------------------------------------------------
Tests run: 16, Failures: 0, Errors: 4, Skipped: 0, Time elapsed: 53.47 s <<< FAILURE! -- in cl.kibernum.RunCucumberTest
Examples.Example #1.1 -- Time elapsed: 1.009 s <<< ERROR!
io.cucumber.junit.platform.engine.UndefinedStepException: 
The step 'que el doctor está en la página de la ficha clínica' and 3 other step(s) are undefined.
You can implement these steps using the snippet(s) below:

@Given("que el doctor está en la página de la ficha clínica")
public void que_el_doctor_está_en_la_página_de_la_ficha_clínica() {
    // Write code here that turns the phrase above into concrete actions
    throw new io.cucumber.java.PendingException();
}
@Given("completa el nombre del paciente {string}, el diagnóstico Pediátrico, la edad {int} y el tratamiento Inhalador")
public void completa_el_nombre_del_paciente_el_diagnóstico_pediátrico_la_edad_y_el_tratamiento_inhalador(String string, Integer int1) {
    // Write code here that turns the phrase above into concrete actions
    throw new io.cucumber.java.PendingException();
}
@Given("guarda la ficha")
public void guarda_la_ficha() {
    // Write code here that turns the phrase above into concrete actions
    throw new io.cucumber.java.PendingException();
}
@Then("debe ver el mensaje de error Ficha registrada con éxito.")
public void debe_ver_el_mensaje_de_error_ficha_registrada_con_éxito() {
    // Write code here that turns the phrase above into concrete actions
    throw new io.cucumber.java.PendingException();
}

	at io.cucumber.core.runtime.TestCaseResultObserver.assertTestCasePassed(TestCaseResultObserver.java:69)
	at io.cucumber.junit.platform.engine.TestCaseResultObserver.assertTestCasePassed(TestCaseResultObserver.java:22)
	at io.cucumber.junit.platform.engine.CucumberEngineExecutionContext.lambda$runTestCase$4(CucumberEngineExecutionContext.java:114)
	at io.cucumber.core.runtime.CucumberExecutionContext.lambda$runTestCase$5(CucumberExecutionContext.java:137)
	at io.cucumber.core.runtime.RethrowingThrowableCollector.executeAndThrow(RethrowingThrowableCollector.java:23)
	at io.cucumber.core.runtime.CucumberExecutionContext.runTestCase(CucumberExecutionContext.java:137)
	at io.cucumber.junit.platform.engine.CucumberEngineExecutionContext.runTestCase(CucumberEngineExecutionContext.java:109)
	at io.cucumber.junit.platform.engine.NodeDescriptor$PickleDescriptor.execute(NodeDescriptor.java:168)
	at io.cucumber.junit.platform.engine.NodeDescriptor$PickleDescriptor.execute(NodeDescriptor.java:90)
	at java.base/java.util.ArrayList.forEach(ArrayList.java:1596)
	at java.base/java.util.ArrayList.forEach(ArrayList.java:1596)
	at java.base/java.util.ArrayList.forEach(ArrayList.java:1596)
	at java.base/java.util.ArrayList.forEach(ArrayList.java:1596)

Examples.Example #1.2 -- Time elapsed: 0.914 s <<< ERROR!
io.cucumber.junit.platform.engine.UndefinedStepException: 
The step 'que el doctor está en la página de la ficha clínica' and 3 other step(s) are undefined.
You can implement these steps using the snippet(s) below:

@Given("que el doctor está en la página de la ficha clínica")
public void que_el_doctor_está_en_la_página_de_la_ficha_clínica() {
    // Write code here that turns the phrase above into concrete actions
    throw new io.cucumber.java.PendingException();
}
@Given("completa el nombre del paciente {string}, el diagnóstico Pediátrico, la edad {int} y el tratamiento ")
public void completa_el_nombre_del_paciente_el_diagnóstico_pediátrico_la_edad_y_el_tratamiento(String string, Integer int1) {
    // Write code here that turns the phrase above into concrete actions
    throw new io.cucumber.java.PendingException();
}
@Given("guarda la ficha")
public void guarda_la_ficha() {
    // Write code here that turns the phrase above into concrete actions
    throw new io.cucumber.java.PendingException();
}
@Then("debe ver el mensaje de error El tratamiento es obligatorio para guardar la ficha.")
public void debe_ver_el_mensaje_de_error_el_tratamiento_es_obligatorio_para_guardar_la_ficha() {
    // Write code here that turns the phrase above into concrete actions
    throw new io.cucumber.java.PendingException();
}

	at io.cucumber.core.runtime.TestCaseResultObserver.assertTestCasePassed(TestCaseResultObserver.java:69)
	at io.cucumber.junit.platform.engine.TestCaseResultObserver.assertTestCasePassed(TestCaseResultObserver.java:22)
	at io.cucumber.junit.platform.engine.CucumberEngineExecutionContext.lambda$runTestCase$4(CucumberEngineExecutionContext.java:114)
	at io.cucumber.core.runtime.CucumberExecutionContext.lambda$runTestCase$5(CucumberExecutionContext.java:137)
	at io.cucumber.core.runtime.RethrowingThrowableCollector.executeAndThrow(RethrowingThrowableCollector.java:23)
	at io.cucumber.core.runtime.CucumberExecutionContext.runTestCase(CucumberExecutionContext.java:137)
	at io.cucumber.junit.platform.engine.CucumberEngineExecutionContext.runTestCase(CucumberEngineExecutionContext.java:109)
	at io.cucumber.junit.platform.engine.NodeDescriptor$PickleDescriptor.execute(NodeDescriptor.java:168)
	at io.cucumber.junit.platform.engine.NodeDescriptor$PickleDescriptor.execute(NodeDescriptor.java:90)
	at java.base/java.util.ArrayList.forEach(ArrayList.java:1596)
	at java.base/java.util.ArrayList.forEach(ArrayList.java:1596)
	at java.base/java.util.ArrayList.forEach(ArrayList.java:1596)
	at java.base/java.util.ArrayList.forEach(ArrayList.java:1596)

Examples.Example #1.3 -- Time elapsed: 0.951 s <<< ERROR!
io.cucumber.junit.platform.engine.UndefinedStepException: 
The step 'que el doctor está en la página de la ficha clínica' and 3 other step(s) are undefined.
You can implement these steps using the snippet(s) below:

@Given("que el doctor está en la página de la ficha clínica")
public void que_el_doctor_está_en_la_página_de_la_ficha_clínica() {
    // Write code here that turns the phrase above into concrete actions
    throw new io.cucumber.java.PendingException();
}
@Given("completa el nombre del paciente {string}, el diagnóstico Bronquitis, la edad {int} y el tratamiento Antibióticos")
public void completa_el_nombre_del_paciente_el_diagnóstico_bronquitis_la_edad_y_el_tratamiento_antibióticos(String string, Integer int1) {
    // Write code here that turns the phrase above into concrete actions
    throw new io.cucumber.java.PendingException();
}
@Given("guarda la ficha")
public void guarda_la_ficha() {
    // Write code here that turns the phrase above into concrete actions
    throw new io.cucumber.java.PendingException();
}
@Then("debe ver el mensaje de error Para menores de {int} años, el diagnóstico debe ser {string}.")
public void debe_ver_el_mensaje_de_error_para_menores_de_años_el_diagnóstico_debe_ser(Integer int1, String string) {
    // Write code here that turns the phrase above into concrete actions
    throw new io.cucumber.java.PendingException();
}

	at io.cucumber.core.runtime.TestCaseResultObserver.assertTestCasePassed(TestCaseResultObserver.java:69)
	at io.cucumber.junit.platform.engine.TestCaseResultObserver.assertTestCasePassed(TestCaseResultObserver.java:22)
	at io.cucumber.junit.platform.engine.CucumberEngineExecutionContext.lambda$runTestCase$4(CucumberEngineExecutionContext.java:114)
	at io.cucumber.core.runtime.CucumberExecutionContext.lambda$runTestCase$5(CucumberExecutionContext.java:137)
	at io.cucumber.core.runtime.RethrowingThrowableCollector.executeAndThrow(RethrowingThrowableCollector.java:23)
	at io.cucumber.core.runtime.CucumberExecutionContext.runTestCase(CucumberExecutionContext.java:137)
	at io.cucumber.junit.platform.engine.CucumberEngineExecutionContext.runTestCase(CucumberEngineExecutionContext.java:109)
	at io.cucumber.junit.platform.engine.NodeDescriptor$PickleDescriptor.execute(NodeDescriptor.java:168)
	at io.cucumber.junit.platform.engine.NodeDescriptor$PickleDescriptor.execute(NodeDescriptor.java:90)
	at java.base/java.util.ArrayList.forEach(ArrayList.java:1596)
	at java.base/java.util.ArrayList.forEach(ArrayList.java:1596)
	at java.base/java.util.ArrayList.forEach(ArrayList.java:1596)
	at java.base/java.util.ArrayList.forEach(ArrayList.java:1596)

Validación de las reglas clínicas para asegurar el correcto ingreso de datos.Múltiples escenarios de error pediátrico y tratamiento faltante -- Time elapsed: 0.989 s <<< ERROR!
io.cucumber.junit.platform.engine.UndefinedStepException: 
The step 'el doctor está en la página de la ficha clínica' and 2 other step(s) are undefined.
You can implement these steps using the snippet(s) below:

@Given("el doctor está en la página de la ficha clínica")
public void el_doctor_está_en_la_página_de_la_ficha_clínica() {
    // Write code here that turns the phrase above into concrete actions
    throw new io.cucumber.java.PendingException();
}
@Given("completa el nombre del paciente {string}, el diagnóstico {string}\"")
public void completa_el_nombre_del_paciente_el_diagnóstico(String string, String string2) {
    // Write code here that turns the phrase above into concrete actions
    throw new io.cucumber.java.PendingException();
}
@Given("guarda la ficha")
public void guarda_la_ficha() {
    // Write code here that turns the phrase above into concrete actions
    throw new io.cucumber.java.PendingException();
}

	at io.cucumber.core.runtime.TestCaseResultObserver.assertTestCasePassed(TestCaseResultObserver.java:69)
	at io.cucumber.junit.platform.engine.TestCaseResultObserver.assertTestCasePassed(TestCaseResultObserver.java:22)
	at io.cucumber.junit.platform.engine.CucumberEngineExecutionContext.lambda$runTestCase$4(CucumberEngineExecutionContext.java:114)
	at io.cucumber.core.runtime.CucumberExecutionContext.lambda$runTestCase$5(CucumberExecutionContext.java:137)
	at io.cucumber.core.runtime.RethrowingThrowableCollector.executeAndThrow(RethrowingThrowableCollector.java:23)
	at io.cucumber.core.runtime.CucumberExecutionContext.runTestCase(CucumberExecutionContext.java:137)
	at io.cucumber.junit.platform.engine.CucumberEngineExecutionContext.runTestCase(CucumberEngineExecutionContext.java:109)
	at io.cucumber.junit.platform.engine.NodeDescriptor$PickleDescriptor.execute(NodeDescriptor.java:168)
	at io.cucumber.junit.platform.engine.NodeDescriptor$PickleDescriptor.execute(NodeDescriptor.java:90)
	at java.base/java.util.ArrayList.forEach(ArrayList.java:1596)
	at java.base/java.util.ArrayList.forEach(ArrayList.java:1596)

