-------------------------------------------------------------------------------
Test set: cl.kibernum.RunCucumberTest
-------------------------------------------------------------------------------
Tests run: 15, Failures: 5, Errors: 0, Skipped: 0, Time elapsed: 99.65 s <<< FAILURE! -- in cl.kibernum.RunCucumberTest
Examples.Example #1.1 -- Time elapsed: 11.33 s <<< FAILURE!
org.opentest4j.AssertionFailedError: 
No se encontraron todos los mensajes esperados.
Esperados: [Ficha registrada con éxito.]
Actuales: [] ==> expected: <true> but was: <false>
	at cl.kibernum.steps.FichaClinicaSteps.recibe_los_mensajes(FichaClinicaSteps.java:41)
	at ✽.recibe los mensajes(classpath:features/ficha-clinica.feature:7)

Examples.Example #1.3 -- Time elapsed: 8.863 s <<< FAILURE!
org.opentest4j.AssertionFailedError: 
No se encontraron todos los mensajes esperados.
Esperados: [Ficha registrada con éxito.]
Actuales: [] ==> expected: <true> but was: <false>
	at cl.kibernum.steps.FichaClinicaSteps.recibe_los_mensajes(FichaClinicaSteps.java:41)
	at ✽.recibe los mensajes(classpath:features/ficha-clinica.feature:7)

Examples.Example #1.4 -- Time elapsed: 8.608 s <<< FAILURE!
org.opentest4j.AssertionFailedError: 
No se encontraron todos los mensajes esperados.
Esperados: [Ficha registrada con éxito.]
Actuales: [] ==> expected: <true> but was: <false>
	at cl.kibernum.steps.FichaClinicaSteps.recibe_los_mensajes(FichaClinicaSteps.java:41)
	at ✽.recibe los mensajes(classpath:features/ficha-clinica.feature:7)

Examples.Example #1.9 -- Time elapsed: 9.248 s <<< FAILURE!
org.opentest4j.AssertionFailedError: 
No se encontraron todos los mensajes esperados.
Esperados: [Todos los campos son obligatorios., Para menores de 12 años, el diagnóstico debe ser "Pediátrico"., El tratamiento es obligatorio para guardar la ficha.]
Actuales: [] ==> expected: <true> but was: <false>
	at cl.kibernum.steps.FichaClinicaSteps.recibe_los_mensajes(FichaClinicaSteps.java:41)
	at ✽.recibe los mensajes(classpath:features/ficha-clinica.feature:7)

Examples.Example #1.10 -- Time elapsed: 11.44 s <<< FAILURE!
org.opentest4j.AssertionFailedError: 
No se encontraron todos los mensajes esperados.
Esperados: [Todos los campos son obligatorios., El tratamiento es obligatorio para guardar la ficha.]
Actuales: [] ==> expected: <true> but was: <false>
	at cl.kibernum.steps.FichaClinicaSteps.recibe_los_mensajes(FichaClinicaSteps.java:41)
	at ✽.recibe los mensajes(classpath:features/ficha-clinica.feature:7)

