<?xml version="1.0" encoding="UTF-8"?>
<testsuite xmlns:xsi="http://www.w3.org/2001/XMLSchema-instance" xsi:noNamespaceSchemaLocation="https://maven.apache.org/surefire/maven-surefire-plugin/xsd/surefire-test-report-3.0.xsd" version="3.0" name="cl.kibernum.RunCucumberTest" time="99.655" tests="15" errors="0" skipped="0" failures="5">
  <properties>
[...]
</properties>
  <testcase name="Example #1.1" classname="Examples" time="11.327">
    <failure message="No se encontraron todos los mensajes esperados.&#10;Esperados: [Ficha registrada con éxito.]&#10;Actuales: [] ==&gt; expected: &lt;true&gt; but was: &lt;false&gt;" type="org.opentest4j.AssertionFailedError"><![CDATA[org.opentest4j.AssertionFailedError: 
No se encontraron todos los mensajes esperados.
Esperados: [Ficha registrada con éxito.]
Actuales: [] ==> expected: <true> but was: <false>
	at cl.kibernum.steps.FichaClinicaSteps.recibe_los_mensajes(FichaClinicaSteps.java:41)
	at ✽.recibe los mensajes(classpath:features/ficha-clinica.feature:7)
]]></failure>
    <system-out><![CDATA[
@ficha
Scenario Outline: Completar datos del paciente en ficha clínica                                   &amp#27;[90m# features/ficha-clinica.feature:14&amp#27;[0m
  &amp#27;[32mGiven &amp#27;[0m&amp#27;[32mque el usuario ingresa a ficha clínica accediendo con usuario &amp#27;[0m&amp#27;[32m&amp#27;[1m"doctor"&amp#27;[0m&amp#27;[32m y clave &amp#27;[0m&amp#27;[32m&amp#27;[1m"password"&amp#27;[0m &amp#27;[90m# cl.kibernum.steps.FichaClinicaSteps.que_el_usuario_ingresa_a_ficha_clínica_accediendo_con_usuario_y_clave(java.lang.String,java.lang.String)&amp#27;[0m
  &amp#27;[32mWhen &amp#27;[0m&amp#27;[32mcompleta la ficha con &amp#27;[0m&amp#27;[32m&amp#27;[1mAndrea J&amp#27;[0m&amp#27;[32m, &amp#27;[0m&amp#27;[32m&amp#27;[1mrosácea&amp#27;[0m&amp#27;[32m, &amp#27;[0m&amp#27;[32m&amp#27;[1m50&amp#27;[0m&amp#27;[32m y &amp#27;[0m&amp#27;[32m&amp#27;[1mCrema tópica&amp#27;[0m                                 &amp#27;[90m# cl.kibernum.steps.FichaClinicaSteps.completa_la_ficha_con_paciente_diagnostico_edad_y_tratamiento(java.lang.String,java.lang.String,java.lang.String,java.lang.String)&amp#27;[0m
mensaje esperado: [Ficha registrada con éxito.]
mensaje recibido: []
  &amp#27;[31mThen &amp#27;[0m&amp#27;[31mrecibe los mensajes&amp#27;[0m                                                                        &amp#27;[90m# cl.kibernum.steps.FichaClinicaSteps.recibe_los_mensajes(io.cucumber.datatable.DataTable)&amp#27;[0m
    | Ficha registrada con éxito. |
    | [empty]                     |
    | [empty]                     |
      &amp#27;[31morg.opentest4j.AssertionFailedError: No se encontraron todos los mensajes esperados.
Esperados: [Ficha registrada con éxito.]
Actuales: [] ==> expected: <true> but was: <false>
	at org.junit.jupiter.api.AssertionFailureBuilder.build(AssertionFailureBuilder.java:151)
	at org.junit.jupiter.api.AssertionFailureBuilder.buildAndThrow(AssertionFailureBuilder.java:132)
	at org.junit.jupiter.api.AssertTrue.failNotTrue(AssertTrue.java:63)
	at org.junit.jupiter.api.AssertTrue.assertTrue(AssertTrue.java:36)
	at org.junit.jupiter.api.Assertions.assertTrue(Assertions.java:214)
	at cl.kibernum.steps.FichaClinicaSteps.recibe_los_mensajes(FichaClinicaSteps.java:41)
	at ✽.recibe los mensajes(classpath:features/ficha-clinica.feature:7)
&amp#27;[0m

    Embedding Completar datos del paciente en ficha clínica [image/png 37103 bytes]

]]></system-out>
    <system-err><![CDATA[[main] INFO io.github.bonigarcia.wdm.WebDriverManager - Using chromedriver 139.0.7258.138 (resolved driver for Chrome 139)
[main] INFO io.github.bonigarcia.wdm.WebDriverManager - Exporting webdriver.chrome.driver as C:\Users\andre\.cache\selenium\chromedriver\win64\139.0.7258.138\chromedriver.exe
ago 20, 2025 9:41:24 P. M. org.openqa.selenium.devtools.CdpVersionFinder findNearestMatch
WARNING: Unable to find CDP implementation matching 139
ago 20, 2025 9:41:24 P. M. org.openqa.selenium.chromium.ChromiumDriver lambda$new$5
WARNING: Unable to find version of CDP to use for 139.0.7258.138. You may need to include a dependency on a specific version of the CDP using something similar to `org.seleniumhq.selenium:selenium-devtools-v86:4.21.0` where the version ("v86") matches the version of the chromium-based browser you're using and the version number of the artifact is the same as Selenium's.
]]></system-err>
  </testcase>
  <testcase name="Example #1.1" classname="Examples" time="3.942">
    <system-out><![CDATA[
@reglas
Scenario Outline: Regla para diagnóstico pediátrico e ingreso obligatorio de tratamiento                                     &amp#27;[90m# features/reglas-clinicas.feature:10&amp#27;[0m
  &amp#27;[32mGiven &amp#27;[0m&amp#27;[32mque el doctor está en la página de la ficha clínica&amp#27;[0m                                                                  &amp#27;[90m# cl.kibernum.steps.ReglasClinicasSteps.que_el_usuario_ingresa_a_ficha_clínica_accediendo_con_usuario_y_clave()&amp#27;[0m
  &amp#27;[32mAnd &amp#27;[0m&amp#27;[32mcompleta el nombre del paciente &amp#27;[0m&amp#27;[32m&amp#27;[1m"Francisca"&amp#27;[0m&amp#27;[32m, el diagnóstico &amp#27;[0m&amp#27;[32m&amp#27;[1mPediátrico&amp#27;[0m&amp#27;[32m, la edad &amp#27;[0m&amp#27;[32m&amp#27;[1m11&amp#27;[0m&amp#27;[32m y el tratamiento &amp#27;[0m&amp#27;[32m&amp#27;[1m&amp#27;[0m&amp#27;[32m y guarda la ficha&amp#27;[0m &amp#27;[90m# cl.kibernum.steps.ReglasClinicasSteps.completa_la_ficha_con_paciente_diagnostico_edad_y_tratamiento(java.lang.String,java.lang.String,java.lang.String,java.lang.String)&amp#27;[0m
  &amp#27;[32mThen &amp#27;[0m&amp#27;[32mdebe ver el mensaje de error &amp#27;[0m&amp#27;[32m&amp#27;[1mEl tratamiento es obligatorio para guardar la ficha.&amp#27;[0m                                     &amp#27;[90m# cl.kibernum.steps.ReglasClinicasSteps.debeVerElMensajeDeError(java.lang.String)&amp#27;[0m
]]></system-out>
    <system-err><![CDATA[[main] INFO io.github.bonigarcia.wdm.WebDriverManager - Using chromedriver 139.0.7258.138 (resolved driver for Chrome 139)
[main] INFO io.github.bonigarcia.wdm.WebDriverManager - Exporting webdriver.chrome.driver as C:\Users\andre\.cache\selenium\chromedriver\win64\139.0.7258.138\chromedriver.exe
ago 20, 2025 9:42:45 P. M. org.openqa.selenium.devtools.CdpVersionFinder findNearestMatch
WARNING: Unable to find CDP implementation matching 139
ago 20, 2025 9:42:45 P. M. org.openqa.selenium.chromium.ChromiumDriver lambda$new$5
WARNING: Unable to find version of CDP to use for 139.0.7258.138. You may need to include a dependency on a specific version of the CDP using something similar to `org.seleniumhq.selenium:selenium-devtools-v86:4.21.0` where the version ("v86") matches the version of the chromium-based browser you're using and the version number of the artifact is the same as Selenium's.
]]></system-err>
  </testcase>
  <testcase name="Example #1.2" classname="Examples" time="3.849">
    <system-out><![CDATA[
@ficha
Scenario Outline: Completar datos del paciente en ficha clínica                                   &amp#27;[90m# features/ficha-clinica.feature:15&amp#27;[0m
  &amp#27;[32mGiven &amp#27;[0m&amp#27;[32mque el usuario ingresa a ficha clínica accediendo con usuario &amp#27;[0m&amp#27;[32m&amp#27;[1m"doctor"&amp#27;[0m&amp#27;[32m y clave &amp#27;[0m&amp#27;[32m&amp#27;[1m"password"&amp#27;[0m &amp#27;[90m# cl.kibernum.steps.FichaClinicaSteps.que_el_usuario_ingresa_a_ficha_clínica_accediendo_con_usuario_y_clave(java.lang.String,java.lang.String)&amp#27;[0m
  &amp#27;[32mWhen &amp#27;[0m&amp#27;[32mcompleta la ficha con &amp#27;[0m&amp#27;[32m&amp#27;[1mSofía E&amp#27;[0m&amp#27;[32m, &amp#27;[0m&amp#27;[32m&amp#27;[1mT.E.A.&amp#27;[0m&amp#27;[32m, &amp#27;[0m&amp#27;[32m&amp#27;[1m10&amp#27;[0m&amp#27;[32m y &amp#27;[0m&amp#27;[32m&amp#27;[1mTerapia psico&amp#27;[0m                                  &amp#27;[90m# cl.kibernum.steps.FichaClinicaSteps.completa_la_ficha_con_paciente_diagnostico_edad_y_tratamiento(java.lang.String,java.lang.String,java.lang.String,java.lang.String)&amp#27;[0m
mensaje esperado: [Para menores de 12 años, el diagnóstico debe ser "Pediátrico".]
mensaje recibido: [Para menores de 12 años, el diagnóstico debe ser "Pediátrico".]
  &amp#27;[32mThen &amp#27;[0m&amp#27;[32mrecibe los mensajes&amp#27;[0m                                                                        &amp#27;[90m# cl.kibernum.steps.FichaClinicaSteps.recibe_los_mensajes(io.cucumber.datatable.DataTable)&amp#27;[0m
    | Para menores de 12 años, el diagnóstico debe ser "Pediátrico". |
    | [empty]                                                        |
    | [empty]                                                        |
]]></system-out>
    <system-err><![CDATA[[main] INFO io.github.bonigarcia.wdm.WebDriverManager - Using chromedriver 139.0.7258.138 (resolved driver for Chrome 139)
[main] INFO io.github.bonigarcia.wdm.WebDriverManager - Exporting webdriver.chrome.driver as C:\Users\andre\.cache\selenium\chromedriver\win64\139.0.7258.138\chromedriver.exe
ago 20, 2025 9:41:34 P. M. org.openqa.selenium.devtools.CdpVersionFinder findNearestMatch
WARNING: Unable to find CDP implementation matching 139
ago 20, 2025 9:41:34 P. M. org.openqa.selenium.chromium.ChromiumDriver lambda$new$5
WARNING: Unable to find version of CDP to use for 139.0.7258.138. You may need to include a dependency on a specific version of the CDP using something similar to `org.seleniumhq.selenium:selenium-devtools-v86:4.21.0` where the version ("v86") matches the version of the chromium-based browser you're using and the version number of the artifact is the same as Selenium's.
]]></system-err>
  </testcase>
  <testcase name="Example #1.2" classname="Examples" time="3.06">
    <system-out><![CDATA[
@reglas
Scenario Outline: Regla para diagnóstico pediátrico e ingreso obligatorio de tratamiento                                                &amp#27;[90m# features/reglas-clinicas.feature:11&amp#27;[0m
  &amp#27;[32mGiven &amp#27;[0m&amp#27;[32mque el doctor está en la página de la ficha clínica&amp#27;[0m                                                                             &amp#27;[90m# cl.kibernum.steps.ReglasClinicasSteps.que_el_usuario_ingresa_a_ficha_clínica_accediendo_con_usuario_y_clave()&amp#27;[0m
  &amp#27;[32mAnd &amp#27;[0m&amp#27;[32mcompleta el nombre del paciente &amp#27;[0m&amp#27;[32m&amp#27;[1m"Francisca"&amp#27;[0m&amp#27;[32m, el diagnóstico &amp#27;[0m&amp#27;[32m&amp#27;[1mBronquitis&amp#27;[0m&amp#27;[32m, la edad &amp#27;[0m&amp#27;[32m&amp#27;[1m8&amp#27;[0m&amp#27;[32m y el tratamiento &amp#27;[0m&amp#27;[32m&amp#27;[1mAntibióticos&amp#27;[0m&amp#27;[32m y guarda la ficha&amp#27;[0m &amp#27;[90m# cl.kibernum.steps.ReglasClinicasSteps.completa_la_ficha_con_paciente_diagnostico_edad_y_tratamiento(java.lang.String,java.lang.String,java.lang.String,java.lang.String)&amp#27;[0m
  &amp#27;[32mThen &amp#27;[0m&amp#27;[32mdebe ver el mensaje de error &amp#27;[0m&amp#27;[32m&amp#27;[1mPara menores de 12 años, el diagnóstico debe ser "Pediátrico".&amp#27;[0m                                      &amp#27;[90m# cl.kibernum.steps.ReglasClinicasSteps.debeVerElMensajeDeError(java.lang.String)&amp#27;[0m
]]></system-out>
    <system-err><![CDATA[[main] INFO io.github.bonigarcia.wdm.WebDriverManager - Using chromedriver 139.0.7258.138 (resolved driver for Chrome 139)
[main] INFO io.github.bonigarcia.wdm.WebDriverManager - Exporting webdriver.chrome.driver as C:\Users\andre\.cache\selenium\chromedriver\win64\139.0.7258.138\chromedriver.exe
ago 20, 2025 9:42:49 P. M. org.openqa.selenium.devtools.CdpVersionFinder findNearestMatch
WARNING: Unable to find CDP implementation matching 139
ago 20, 2025 9:42:49 P. M. org.openqa.selenium.chromium.ChromiumDriver lambda$new$5
WARNING: Unable to find version of CDP to use for 139.0.7258.138. You may need to include a dependency on a specific version of the CDP using something similar to `org.seleniumhq.selenium:selenium-devtools-v86:4.21.0` where the version ("v86") matches the version of the chromium-based browser you're using and the version number of the artifact is the same as Selenium's.
]]></system-err>
  </testcase>
  <testcase name="Example #1.3" classname="Examples" time="8.863">
    <failure message="No se encontraron todos los mensajes esperados.&#10;Esperados: [Ficha registrada con éxito.]&#10;Actuales: [] ==&gt; expected: &lt;true&gt; but was: &lt;false&gt;" type="org.opentest4j.AssertionFailedError"><![CDATA[org.opentest4j.AssertionFailedError: 
No se encontraron todos los mensajes esperados.
Esperados: [Ficha registrada con éxito.]
Actuales: [] ==> expected: <true> but was: <false>
	at cl.kibernum.steps.FichaClinicaSteps.recibe_los_mensajes(FichaClinicaSteps.java:41)
	at ✽.recibe los mensajes(classpath:features/ficha-clinica.feature:7)
]]></failure>
    <system-out><![CDATA[
@ficha
Scenario Outline: Completar datos del paciente en ficha clínica                                   &amp#27;[90m# features/ficha-clinica.feature:16&amp#27;[0m
  &amp#27;[32mGiven &amp#27;[0m&amp#27;[32mque el usuario ingresa a ficha clínica accediendo con usuario &amp#27;[0m&amp#27;[32m&amp#27;[1m"doctor"&amp#27;[0m&amp#27;[32m y clave &amp#27;[0m&amp#27;[32m&amp#27;[1m"password"&amp#27;[0m &amp#27;[90m# cl.kibernum.steps.FichaClinicaSteps.que_el_usuario_ingresa_a_ficha_clínica_accediendo_con_usuario_y_clave(java.lang.String,java.lang.String)&amp#27;[0m
  &amp#27;[32mWhen &amp#27;[0m&amp#27;[32mcompleta la ficha con &amp#27;[0m&amp#27;[32m&amp#27;[1mVíctor M&amp#27;[0m&amp#27;[32m, &amp#27;[0m&amp#27;[32m&amp#27;[1mPediátrico&amp#27;[0m&amp#27;[32m, &amp#27;[0m&amp#27;[32m&amp#27;[1m11&amp#27;[0m&amp#27;[32m y &amp#27;[0m&amp#27;[32m&amp#27;[1mTerapia kine&amp#27;[0m                              &amp#27;[90m# cl.kibernum.steps.FichaClinicaSteps.completa_la_ficha_con_paciente_diagnostico_edad_y_tratamiento(java.lang.String,java.lang.String,java.lang.String,java.lang.String)&amp#27;[0m
mensaje esperado: [Ficha registrada con éxito.]
mensaje recibido: []
  &amp#27;[31mThen &amp#27;[0m&amp#27;[31mrecibe los mensajes&amp#27;[0m                                                                        &amp#27;[90m# cl.kibernum.steps.FichaClinicaSteps.recibe_los_mensajes(io.cucumber.datatable.DataTable)&amp#27;[0m
    | Ficha registrada con éxito. |
    | [empty]                     |
    | [empty]                     |
      &amp#27;[31morg.opentest4j.AssertionFailedError: No se encontraron todos los mensajes esperados.
Esperados: [Ficha registrada con éxito.]
Actuales: [] ==> expected: <true> but was: <false>
	at org.junit.jupiter.api.AssertionFailureBuilder.build(AssertionFailureBuilder.java:151)
	at org.junit.jupiter.api.AssertionFailureBuilder.buildAndThrow(AssertionFailureBuilder.java:132)
	at org.junit.jupiter.api.AssertTrue.failNotTrue(AssertTrue.java:63)
	at org.junit.jupiter.api.AssertTrue.assertTrue(AssertTrue.java:36)
	at org.junit.jupiter.api.Assertions.assertTrue(Assertions.java:214)
	at cl.kibernum.steps.FichaClinicaSteps.recibe_los_mensajes(FichaClinicaSteps.java:41)
	at ✽.recibe los mensajes(classpath:features/ficha-clinica.feature:7)
&amp#27;[0m

    Embedding Completar datos del paciente en ficha clínica [image/png 36551 bytes]

]]></system-out>
    <system-err><![CDATA[[main] INFO io.github.bonigarcia.wdm.WebDriverManager - Using chromedriver 139.0.7258.138 (resolved driver for Chrome 139)
[main] INFO io.github.bonigarcia.wdm.WebDriverManager - Exporting webdriver.chrome.driver as C:\Users\andre\.cache\selenium\chromedriver\win64\139.0.7258.138\chromedriver.exe
ago 20, 2025 9:41:38 P. M. org.openqa.selenium.devtools.CdpVersionFinder findNearestMatch
WARNING: Unable to find CDP implementation matching 139
ago 20, 2025 9:41:38 P. M. org.openqa.selenium.chromium.ChromiumDriver lambda$new$5
WARNING: Unable to find version of CDP to use for 139.0.7258.138. You may need to include a dependency on a specific version of the CDP using something similar to `org.seleniumhq.selenium:selenium-devtools-v86:4.21.0` where the version ("v86") matches the version of the chromium-based browser you're using and the version number of the artifact is the same as Selenium's.
]]></system-err>
  </testcase>
  <testcase name="Example #1.4" classname="Examples" time="8.608">
    <failure message="No se encontraron todos los mensajes esperados.&#10;Esperados: [Ficha registrada con éxito.]&#10;Actuales: [] ==&gt; expected: &lt;true&gt; but was: &lt;false&gt;" type="org.opentest4j.AssertionFailedError"><![CDATA[org.opentest4j.AssertionFailedError: 
No se encontraron todos los mensajes esperados.
Esperados: [Ficha registrada con éxito.]
Actuales: [] ==> expected: <true> but was: <false>
	at cl.kibernum.steps.FichaClinicaSteps.recibe_los_mensajes(FichaClinicaSteps.java:41)
	at ✽.recibe los mensajes(classpath:features/ficha-clinica.feature:7)
]]></failure>
    <system-out><![CDATA[
@ficha
Scenario Outline: Completar datos del paciente en ficha clínica                                   &amp#27;[90m# features/ficha-clinica.feature:17&amp#27;[0m
  &amp#27;[32mGiven &amp#27;[0m&amp#27;[32mque el usuario ingresa a ficha clínica accediendo con usuario &amp#27;[0m&amp#27;[32m&amp#27;[1m"doctor"&amp#27;[0m&amp#27;[32m y clave &amp#27;[0m&amp#27;[32m&amp#27;[1m"password"&amp#27;[0m &amp#27;[90m# cl.kibernum.steps.FichaClinicaSteps.que_el_usuario_ingresa_a_ficha_clínica_accediendo_con_usuario_y_clave(java.lang.String,java.lang.String)&amp#27;[0m
  &amp#27;[32mWhen &amp#27;[0m&amp#27;[32mcompleta la ficha con &amp#27;[0m&amp#27;[32m&amp#27;[1mFrancisca&amp#27;[0m&amp#27;[32m, &amp#27;[0m&amp#27;[32m&amp#27;[1mGripe&amp#27;[0m&amp#27;[32m, &amp#27;[0m&amp#27;[32m&amp#27;[1m12&amp#27;[0m&amp#27;[32m y &amp#27;[0m&amp#27;[32m&amp#27;[1mNastizol&amp#27;[0m                                      &amp#27;[90m# cl.kibernum.steps.FichaClinicaSteps.completa_la_ficha_con_paciente_diagnostico_edad_y_tratamiento(java.lang.String,java.lang.String,java.lang.String,java.lang.String)&amp#27;[0m
mensaje esperado: [Ficha registrada con éxito.]
mensaje recibido: []
  &amp#27;[31mThen &amp#27;[0m&amp#27;[31mrecibe los mensajes&amp#27;[0m                                                                        &amp#27;[90m# cl.kibernum.steps.FichaClinicaSteps.recibe_los_mensajes(io.cucumber.datatable.DataTable)&amp#27;[0m
    | Ficha registrada con éxito. |
    | [empty]                     |
    | [empty]                     |
      &amp#27;[31morg.opentest4j.AssertionFailedError: No se encontraron todos los mensajes esperados.
Esperados: [Ficha registrada con éxito.]
Actuales: [] ==> expected: <true> but was: <false>
	at org.junit.jupiter.api.AssertionFailureBuilder.build(AssertionFailureBuilder.java:151)
	at org.junit.jupiter.api.AssertionFailureBuilder.buildAndThrow(AssertionFailureBuilder.java:132)
	at org.junit.jupiter.api.AssertTrue.failNotTrue(AssertTrue.java:63)
	at org.junit.jupiter.api.AssertTrue.assertTrue(AssertTrue.java:36)
	at org.junit.jupiter.api.Assertions.assertTrue(Assertions.java:214)
	at cl.kibernum.steps.FichaClinicaSteps.recibe_los_mensajes(FichaClinicaSteps.java:41)
	at ✽.recibe los mensajes(classpath:features/ficha-clinica.feature:7)
&amp#27;[0m

    Embedding Completar datos del paciente en ficha clínica [image/png 35611 bytes]

]]></system-out>
    <system-err><![CDATA[[main] INFO io.github.bonigarcia.wdm.WebDriverManager - Using chromedriver 139.0.7258.138 (resolved driver for Chrome 139)
[main] INFO io.github.bonigarcia.wdm.WebDriverManager - Exporting webdriver.chrome.driver as C:\Users\andre\.cache\selenium\chromedriver\win64\139.0.7258.138\chromedriver.exe
ago 20, 2025 9:41:46 P. M. org.openqa.selenium.devtools.CdpVersionFinder findNearestMatch
WARNING: Unable to find CDP implementation matching 139
ago 20, 2025 9:41:46 P. M. org.openqa.selenium.chromium.ChromiumDriver lambda$new$5
WARNING: Unable to find version of CDP to use for 139.0.7258.138. You may need to include a dependency on a specific version of the CDP using something similar to `org.seleniumhq.selenium:selenium-devtools-v86:4.21.0` where the version ("v86") matches the version of the chromium-based browser you're using and the version number of the artifact is the same as Selenium's.
]]></system-err>
  </testcase>
  <testcase name="Example #1.5" classname="Examples" time="3.742">
    <system-out><![CDATA[
@ficha
Scenario Outline: Completar datos del paciente en ficha clínica                                   &amp#27;[90m# features/ficha-clinica.feature:18&amp#27;[0m
  &amp#27;[32mGiven &amp#27;[0m&amp#27;[32mque el usuario ingresa a ficha clínica accediendo con usuario &amp#27;[0m&amp#27;[32m&amp#27;[1m"doctor"&amp#27;[0m&amp#27;[32m y clave &amp#27;[0m&amp#27;[32m&amp#27;[1m"password"&amp#27;[0m &amp#27;[90m# cl.kibernum.steps.FichaClinicaSteps.que_el_usuario_ingresa_a_ficha_clínica_accediendo_con_usuario_y_clave(java.lang.String,java.lang.String)&amp#27;[0m
  &amp#27;[32mWhen &amp#27;[0m&amp#27;[32mcompleta la ficha con &amp#27;[0m&amp#27;[32m&amp#27;[1mJuana S&amp#27;[0m&amp#27;[32m, &amp#27;[0m&amp#27;[32m&amp#27;[1m&amp#27;[0m&amp#27;[32m, &amp#27;[0m&amp#27;[32m&amp#27;[1m39&amp#27;[0m&amp#27;[32m y &amp#27;[0m&amp#27;[32m&amp#27;[1mEjercicios&amp#27;[0m                                           &amp#27;[90m# cl.kibernum.steps.FichaClinicaSteps.completa_la_ficha_con_paciente_diagnostico_edad_y_tratamiento(java.lang.String,java.lang.String,java.lang.String,java.lang.String)&amp#27;[0m
mensaje esperado: [Todos los campos son obligatorios.]
mensaje recibido: [Todos los campos son obligatorios.]
  &amp#27;[32mThen &amp#27;[0m&amp#27;[32mrecibe los mensajes&amp#27;[0m                                                                        &amp#27;[90m# cl.kibernum.steps.FichaClinicaSteps.recibe_los_mensajes(io.cucumber.datatable.DataTable)&amp#27;[0m
    | Todos los campos son obligatorios. |
    | [empty]                            |
    | [empty]                            |
]]></system-out>
    <system-err><![CDATA[[main] INFO io.github.bonigarcia.wdm.WebDriverManager - Using chromedriver 139.0.7258.138 (resolved driver for Chrome 139)
[main] INFO io.github.bonigarcia.wdm.WebDriverManager - Exporting webdriver.chrome.driver as C:\Users\andre\.cache\selenium\chromedriver\win64\139.0.7258.138\chromedriver.exe
ago 20, 2025 9:41:55 P. M. org.openqa.selenium.devtools.CdpVersionFinder findNearestMatch
WARNING: Unable to find CDP implementation matching 139
ago 20, 2025 9:41:55 P. M. org.openqa.selenium.chromium.ChromiumDriver lambda$new$5
WARNING: Unable to find version of CDP to use for 139.0.7258.138. You may need to include a dependency on a specific version of the CDP using something similar to `org.seleniumhq.selenium:selenium-devtools-v86:4.21.0` where the version ("v86") matches the version of the chromium-based browser you're using and the version number of the artifact is the same as Selenium's.
]]></system-err>
  </testcase>
  <testcase name="Example #1.6" classname="Examples" time="3.472">
    <system-out><![CDATA[
@ficha
Scenario Outline: Completar datos del paciente en ficha clínica                                   &amp#27;[90m# features/ficha-clinica.feature:19&amp#27;[0m
  &amp#27;[32mGiven &amp#27;[0m&amp#27;[32mque el usuario ingresa a ficha clínica accediendo con usuario &amp#27;[0m&amp#27;[32m&amp#27;[1m"doctor"&amp#27;[0m&amp#27;[32m y clave &amp#27;[0m&amp#27;[32m&amp#27;[1m"password"&amp#27;[0m &amp#27;[90m# cl.kibernum.steps.FichaClinicaSteps.que_el_usuario_ingresa_a_ficha_clínica_accediendo_con_usuario_y_clave(java.lang.String,java.lang.String)&amp#27;[0m
  &amp#27;[32mWhen &amp#27;[0m&amp#27;[32mcompleta la ficha con &amp#27;[0m&amp#27;[32m&amp#27;[1m&amp#27;[0m&amp#27;[32m, &amp#27;[0m&amp#27;[32m&amp#27;[1mlumbago&amp#27;[0m&amp#27;[32m, &amp#27;[0m&amp#27;[32m&amp#27;[1m21&amp#27;[0m&amp#27;[32m y &amp#27;[0m&amp#27;[32m&amp#27;[1mEjercicios&amp#27;[0m                                           &amp#27;[90m# cl.kibernum.steps.FichaClinicaSteps.completa_la_ficha_con_paciente_diagnostico_edad_y_tratamiento(java.lang.String,java.lang.String,java.lang.String,java.lang.String)&amp#27;[0m
mensaje esperado: [Todos los campos son obligatorios.]
mensaje recibido: [Todos los campos son obligatorios.]
  &amp#27;[32mThen &amp#27;[0m&amp#27;[32mrecibe los mensajes&amp#27;[0m                                                                        &amp#27;[90m# cl.kibernum.steps.FichaClinicaSteps.recibe_los_mensajes(io.cucumber.datatable.DataTable)&amp#27;[0m
    | Todos los campos son obligatorios. |
    | [empty]                            |
    | [empty]                            |
]]></system-out>
    <system-err><![CDATA[[main] INFO io.github.bonigarcia.wdm.WebDriverManager - Using chromedriver 139.0.7258.138 (resolved driver for Chrome 139)
[main] INFO io.github.bonigarcia.wdm.WebDriverManager - Exporting webdriver.chrome.driver as C:\Users\andre\.cache\selenium\chromedriver\win64\139.0.7258.138\chromedriver.exe
ago 20, 2025 9:41:59 P. M. org.openqa.selenium.devtools.CdpVersionFinder findNearestMatch
WARNING: Unable to find CDP implementation matching 139
ago 20, 2025 9:41:59 P. M. org.openqa.selenium.chromium.ChromiumDriver lambda$new$5
WARNING: Unable to find version of CDP to use for 139.0.7258.138. You may need to include a dependency on a specific version of the CDP using something similar to `org.seleniumhq.selenium:selenium-devtools-v86:4.21.0` where the version ("v86") matches the version of the chromium-based browser you're using and the version number of the artifact is the same as Selenium's.
]]></system-err>
  </testcase>
  <testcase name="Example #1.7" classname="Examples" time="3.267">
    <system-out><![CDATA[
@ficha
Scenario Outline: Completar datos del paciente en ficha clínica                                   &amp#27;[90m# features/ficha-clinica.feature:20&amp#27;[0m
  &amp#27;[32mGiven &amp#27;[0m&amp#27;[32mque el usuario ingresa a ficha clínica accediendo con usuario &amp#27;[0m&amp#27;[32m&amp#27;[1m"doctor"&amp#27;[0m&amp#27;[32m y clave &amp#27;[0m&amp#27;[32m&amp#27;[1m"password"&amp#27;[0m &amp#27;[90m# cl.kibernum.steps.FichaClinicaSteps.que_el_usuario_ingresa_a_ficha_clínica_accediendo_con_usuario_y_clave(java.lang.String,java.lang.String)&amp#27;[0m
  &amp#27;[32mWhen &amp#27;[0m&amp#27;[32mcompleta la ficha con &amp#27;[0m&amp#27;[32m&amp#27;[1mLuisa M&amp#27;[0m&amp#27;[32m, &amp#27;[0m&amp#27;[32m&amp#27;[1mhipertensión&amp#27;[0m&amp#27;[32m, &amp#27;[0m&amp#27;[32m&amp#27;[1m&amp#27;[0m&amp#27;[32m y &amp#27;[0m&amp#27;[32m&amp#27;[1mAntihipertensivos&amp#27;[0m                          &amp#27;[90m# cl.kibernum.steps.FichaClinicaSteps.completa_la_ficha_con_paciente_diagnostico_edad_y_tratamiento(java.lang.String,java.lang.String,java.lang.String,java.lang.String)&amp#27;[0m
mensaje esperado: [Todos los campos son obligatorios.]
mensaje recibido: [Todos los campos son obligatorios.]
  &amp#27;[32mThen &amp#27;[0m&amp#27;[32mrecibe los mensajes&amp#27;[0m                                                                        &amp#27;[90m# cl.kibernum.steps.FichaClinicaSteps.recibe_los_mensajes(io.cucumber.datatable.DataTable)&amp#27;[0m
    | Todos los campos son obligatorios. |
    | [empty]                            |
    | [empty]                            |
]]></system-out>
    <system-err><![CDATA[[main] INFO io.github.bonigarcia.wdm.WebDriverManager - Using chromedriver 139.0.7258.138 (resolved driver for Chrome 139)
[main] INFO io.github.bonigarcia.wdm.WebDriverManager - Exporting webdriver.chrome.driver as C:\Users\andre\.cache\selenium\chromedriver\win64\139.0.7258.138\chromedriver.exe
ago 20, 2025 9:42:02 P. M. org.openqa.selenium.devtools.CdpVersionFinder findNearestMatch
WARNING: Unable to find CDP implementation matching 139
ago 20, 2025 9:42:02 P. M. org.openqa.selenium.chromium.ChromiumDriver lambda$new$5
WARNING: Unable to find version of CDP to use for 139.0.7258.138. You may need to include a dependency on a specific version of the CDP using something similar to `org.seleniumhq.selenium:selenium-devtools-v86:4.21.0` where the version ("v86") matches the version of the chromium-based browser you're using and the version number of the artifact is the same as Selenium's.
]]></system-err>
  </testcase>
  <testcase name="Example #1.8" classname="Examples" time="3.284">
    <system-out><![CDATA[
@ficha
Scenario Outline: Completar datos del paciente en ficha clínica                                   &amp#27;[90m# features/ficha-clinica.feature:21&amp#27;[0m
  &amp#27;[32mGiven &amp#27;[0m&amp#27;[32mque el usuario ingresa a ficha clínica accediendo con usuario &amp#27;[0m&amp#27;[32m&amp#27;[1m"doctor"&amp#27;[0m&amp#27;[32m y clave &amp#27;[0m&amp#27;[32m&amp#27;[1m"password"&amp#27;[0m &amp#27;[90m# cl.kibernum.steps.FichaClinicaSteps.que_el_usuario_ingresa_a_ficha_clínica_accediendo_con_usuario_y_clave(java.lang.String,java.lang.String)&amp#27;[0m
  &amp#27;[32mWhen &amp#27;[0m&amp#27;[32mcompleta la ficha con &amp#27;[0m&amp#27;[32m&amp#27;[1mJuan B&amp#27;[0m&amp#27;[32m, &amp#27;[0m&amp#27;[32m&amp#27;[1motitis&amp#27;[0m&amp#27;[32m, &amp#27;[0m&amp#27;[32m&amp#27;[1m45&amp#27;[0m&amp#27;[32m y &amp#27;[0m&amp#27;[32m&amp#27;[1m&amp#27;[0m                                                &amp#27;[90m# cl.kibernum.steps.FichaClinicaSteps.completa_la_ficha_con_paciente_diagnostico_edad_y_tratamiento(java.lang.String,java.lang.String,java.lang.String,java.lang.String)&amp#27;[0m
mensaje esperado: [Todos los campos son obligatorios., El tratamiento es obligatorio para guardar la ficha.]
mensaje recibido: [Todos los campos son obligatorios., El tratamiento es obligatorio para guardar la ficha.]
  &amp#27;[32mThen &amp#27;[0m&amp#27;[32mrecibe los mensajes&amp#27;[0m                                                                        &amp#27;[90m# cl.kibernum.steps.FichaClinicaSteps.recibe_los_mensajes(io.cucumber.datatable.DataTable)&amp#27;[0m
    | Todos los campos son obligatorios.                   |
    | El tratamiento es obligatorio para guardar la ficha. |
    | [empty]                                              |
]]></system-out>
    <system-err><![CDATA[[main] INFO io.github.bonigarcia.wdm.WebDriverManager - Using chromedriver 139.0.7258.138 (resolved driver for Chrome 139)
[main] INFO io.github.bonigarcia.wdm.WebDriverManager - Exporting webdriver.chrome.driver as C:\Users\andre\.cache\selenium\chromedriver\win64\139.0.7258.138\chromedriver.exe
ago 20, 2025 9:42:05 P. M. org.openqa.selenium.devtools.CdpVersionFinder findNearestMatch
WARNING: Unable to find CDP implementation matching 139
ago 20, 2025 9:42:05 P. M. org.openqa.selenium.chromium.ChromiumDriver lambda$new$5
WARNING: Unable to find version of CDP to use for 139.0.7258.138. You may need to include a dependency on a specific version of the CDP using something similar to `org.seleniumhq.selenium:selenium-devtools-v86:4.21.0` where the version ("v86") matches the version of the chromium-based browser you're using and the version number of the artifact is the same as Selenium's.
]]></system-err>
  </testcase>
  <testcase name="Example #1.9" classname="Examples" time="9.248">
    <failure message="No se encontraron todos los mensajes esperados.&#10;Esperados: [Todos los campos son obligatorios., Para menores de 12 años, el diagnóstico debe ser &quot;Pediátrico&quot;., El tratamiento es obligatorio para guardar la ficha.]&#10;Actuales: [] ==&gt; expected: &lt;true&gt; but was: &lt;false&gt;" type="org.opentest4j.AssertionFailedError"><![CDATA[org.opentest4j.AssertionFailedError: 
No se encontraron todos los mensajes esperados.
Esperados: [Todos los campos son obligatorios., Para menores de 12 años, el diagnóstico debe ser "Pediátrico"., El tratamiento es obligatorio para guardar la ficha.]
Actuales: [] ==> expected: <true> but was: <false>
	at cl.kibernum.steps.FichaClinicaSteps.recibe_los_mensajes(FichaClinicaSteps.java:41)
	at ✽.recibe los mensajes(classpath:features/ficha-clinica.feature:7)
]]></failure>
    <system-out><![CDATA[
@ficha
Scenario Outline: Completar datos del paciente en ficha clínica                                   &amp#27;[90m# features/ficha-clinica.feature:22&amp#27;[0m
  &amp#27;[32mGiven &amp#27;[0m&amp#27;[32mque el usuario ingresa a ficha clínica accediendo con usuario &amp#27;[0m&amp#27;[32m&amp#27;[1m"doctor"&amp#27;[0m&amp#27;[32m y clave &amp#27;[0m&amp#27;[32m&amp#27;[1m"password"&amp#27;[0m &amp#27;[90m# cl.kibernum.steps.FichaClinicaSteps.que_el_usuario_ingresa_a_ficha_clínica_accediendo_con_usuario_y_clave(java.lang.String,java.lang.String)&amp#27;[0m
  &amp#27;[32mWhen &amp#27;[0m&amp#27;[32mcompleta la ficha con &amp#27;[0m&amp#27;[32m&amp#27;[1mMiguel&amp#27;[0m&amp#27;[32m, &amp#27;[0m&amp#27;[32m&amp#27;[1motitis&amp#27;[0m&amp#27;[32m, &amp#27;[0m&amp#27;[32m&amp#27;[1m10&amp#27;[0m&amp#27;[32m y &amp#27;[0m&amp#27;[32m&amp#27;[1m&amp#27;[0m                                                &amp#27;[90m# cl.kibernum.steps.FichaClinicaSteps.completa_la_ficha_con_paciente_diagnostico_edad_y_tratamiento(java.lang.String,java.lang.String,java.lang.String,java.lang.String)&amp#27;[0m
mensaje esperado: [Todos los campos son obligatorios., Para menores de 12 años, el diagnóstico debe ser "Pediátrico"., El tratamiento es obligatorio para guardar la ficha.]
mensaje recibido: []
  &amp#27;[31mThen &amp#27;[0m&amp#27;[31mrecibe los mensajes&amp#27;[0m                                                                        &amp#27;[90m# cl.kibernum.steps.FichaClinicaSteps.recibe_los_mensajes(io.cucumber.datatable.DataTable)&amp#27;[0m
    | Todos los campos son obligatorios.                             |
    | Para menores de 12 años, el diagnóstico debe ser "Pediátrico". |
    | El tratamiento es obligatorio para guardar la ficha.           |
      &amp#27;[31morg.opentest4j.AssertionFailedError: No se encontraron todos los mensajes esperados.
Esperados: [Todos los campos son obligatorios., Para menores de 12 años, el diagnóstico debe ser "Pediátrico"., El tratamiento es obligatorio para guardar la ficha.]
Actuales: [] ==> expected: <true> but was: <false>
	at org.junit.jupiter.api.AssertionFailureBuilder.build(AssertionFailureBuilder.java:151)
	at org.junit.jupiter.api.AssertionFailureBuilder.buildAndThrow(AssertionFailureBuilder.java:132)
	at org.junit.jupiter.api.AssertTrue.failNotTrue(AssertTrue.java:63)
	at org.junit.jupiter.api.AssertTrue.assertTrue(AssertTrue.java:36)
	at org.junit.jupiter.api.Assertions.assertTrue(Assertions.java:214)
	at cl.kibernum.steps.FichaClinicaSteps.recibe_los_mensajes(FichaClinicaSteps.java:41)
	at ✽.recibe los mensajes(classpath:features/ficha-clinica.feature:7)
&amp#27;[0m

    Embedding Completar datos del paciente en ficha clínica [image/png 34136 bytes]

]]></system-out>
    <system-err><![CDATA[[main] INFO io.github.bonigarcia.wdm.WebDriverManager - Using chromedriver 139.0.7258.138 (resolved driver for Chrome 139)
[main] INFO io.github.bonigarcia.wdm.WebDriverManager - Exporting webdriver.chrome.driver as C:\Users\andre\.cache\selenium\chromedriver\win64\139.0.7258.138\chromedriver.exe
ago 20, 2025 9:42:09 P. M. org.openqa.selenium.devtools.CdpVersionFinder findNearestMatch
WARNING: Unable to find CDP implementation matching 139
ago 20, 2025 9:42:09 P. M. org.openqa.selenium.chromium.ChromiumDriver lambda$new$5
WARNING: Unable to find version of CDP to use for 139.0.7258.138. You may need to include a dependency on a specific version of the CDP using something similar to `org.seleniumhq.selenium:selenium-devtools-v86:4.21.0` where the version ("v86") matches the version of the chromium-based browser you're using and the version number of the artifact is the same as Selenium's.
]]></system-err>
  </testcase>
  <testcase name="Example #1.10" classname="Examples" time="11.442">
    <failure message="No se encontraron todos los mensajes esperados.&#10;Esperados: [Todos los campos son obligatorios., El tratamiento es obligatorio para guardar la ficha.]&#10;Actuales: [] ==&gt; expected: &lt;true&gt; but was: &lt;false&gt;" type="org.opentest4j.AssertionFailedError"><![CDATA[org.opentest4j.AssertionFailedError: 
No se encontraron todos los mensajes esperados.
Esperados: [Todos los campos son obligatorios., El tratamiento es obligatorio para guardar la ficha.]
Actuales: [] ==> expected: <true> but was: <false>
	at cl.kibernum.steps.FichaClinicaSteps.recibe_los_mensajes(FichaClinicaSteps.java:41)
	at ✽.recibe los mensajes(classpath:features/ficha-clinica.feature:7)
]]></failure>
    <system-out><![CDATA[
@ficha
Scenario Outline: Completar datos del paciente en ficha clínica                                   &amp#27;[90m# features/ficha-clinica.feature:23&amp#27;[0m
  &amp#27;[32mGiven &amp#27;[0m&amp#27;[32mque el usuario ingresa a ficha clínica accediendo con usuario &amp#27;[0m&amp#27;[32m&amp#27;[1m"doctor"&amp#27;[0m&amp#27;[32m y clave &amp#27;[0m&amp#27;[32m&amp#27;[1m"password"&amp#27;[0m &amp#27;[90m# cl.kibernum.steps.FichaClinicaSteps.que_el_usuario_ingresa_a_ficha_clínica_accediendo_con_usuario_y_clave(java.lang.String,java.lang.String)&amp#27;[0m
  &amp#27;[32mWhen &amp#27;[0m&amp#27;[32mcompleta la ficha con &amp#27;[0m&amp#27;[32m&amp#27;[1m&amp#27;[0m&amp#27;[32m, &amp#27;[0m&amp#27;[32m&amp#27;[1m&amp#27;[0m&amp#27;[32m, &amp#27;[0m&amp#27;[32m&amp#27;[1m&amp#27;[0m&amp#27;[32m y &amp#27;[0m&amp#27;[32m&amp#27;[1m&amp#27;[0m                                                              &amp#27;[90m# cl.kibernum.steps.FichaClinicaSteps.completa_la_ficha_con_paciente_diagnostico_edad_y_tratamiento(java.lang.String,java.lang.String,java.lang.String,java.lang.String)&amp#27;[0m
mensaje esperado: [Todos los campos son obligatorios., El tratamiento es obligatorio para guardar la ficha.]
mensaje recibido: []
  &amp#27;[31mThen &amp#27;[0m&amp#27;[31mrecibe los mensajes&amp#27;[0m                                                                        &amp#27;[90m# cl.kibernum.steps.FichaClinicaSteps.recibe_los_mensajes(io.cucumber.datatable.DataTable)&amp#27;[0m
    | Todos los campos son obligatorios.                   |
    | El tratamiento es obligatorio para guardar la ficha. |
    | [empty]                                              |
      &amp#27;[31morg.opentest4j.AssertionFailedError: No se encontraron todos los mensajes esperados.
Esperados: [Todos los campos son obligatorios., El tratamiento es obligatorio para guardar la ficha.]
Actuales: [] ==> expected: <true> but was: <false>
	at org.junit.jupiter.api.AssertionFailureBuilder.build(AssertionFailureBuilder.java:151)
	at org.junit.jupiter.api.AssertionFailureBuilder.buildAndThrow(AssertionFailureBuilder.java:132)
	at org.junit.jupiter.api.AssertTrue.failNotTrue(AssertTrue.java:63)
	at org.junit.jupiter.api.AssertTrue.assertTrue(AssertTrue.java:36)
	at org.junit.jupiter.api.Assertions.assertTrue(Assertions.java:214)
	at cl.kibernum.steps.FichaClinicaSteps.recibe_los_mensajes(FichaClinicaSteps.java:41)
	at ✽.recibe los mensajes(classpath:features/ficha-clinica.feature:7)
&amp#27;[0m

    Embedding Completar datos del paciente en ficha clínica [image/png 31765 bytes]

]]></system-out>
    <system-err><![CDATA[[main] INFO io.github.bonigarcia.wdm.WebDriverManager - Using chromedriver 139.0.7258.138 (resolved driver for Chrome 139)
[main] INFO io.github.bonigarcia.wdm.WebDriverManager - Exporting webdriver.chrome.driver as C:\Users\andre\.cache\selenium\chromedriver\win64\139.0.7258.138\chromedriver.exe
ago 20, 2025 9:42:20 P. M. org.openqa.selenium.devtools.CdpVersionFinder findNearestMatch
WARNING: Unable to find CDP implementation matching 139
ago 20, 2025 9:42:20 P. M. org.openqa.selenium.chromium.ChromiumDriver lambda$new$5
WARNING: Unable to find version of CDP to use for 139.0.7258.138. You may need to include a dependency on a specific version of the CDP using something similar to `org.seleniumhq.selenium:selenium-devtools-v86:4.21.0` where the version ("v86") matches the version of the chromium-based browser you're using and the version number of the artifact is the same as Selenium's.
]]></system-err>
  </testcase>
  <testcase name="Login exitoso" classname="Login de doctor" time="9.547">
    <system-out><![CDATA[
@login
Scenario: Login exitoso                            &amp#27;[90m# features/login-doctor.feature:3&amp#27;[0m
  &amp#27;[32mGiven &amp#27;[0m&amp#27;[32mque el usuario accede a la página de login&amp#27;[0m &amp#27;[90m# cl.kibernum.steps.LoginDoctorSteps.que_el_usuario_accede_a_la_página_de_login()&amp#27;[0m
  &amp#27;[32mWhen &amp#27;[0m&amp#27;[32mingresa credenciales válidas&amp#27;[0m                &amp#27;[90m# cl.kibernum.steps.LoginDoctorSteps.ingresa_credenciales_validas()&amp#27;[0m
  &amp#27;[32mThen &amp#27;[0m&amp#27;[32maccede a la ficha clínica&amp#27;[0m                   &amp#27;[90m# cl.kibernum.steps.LoginDoctorSteps.accede_la_ficha_clinica()&amp#27;[0m
]]></system-out>
    <system-err><![CDATA[[main] INFO io.github.bonigarcia.wdm.WebDriverManager - Using chromedriver 139.0.7258.138 (resolved driver for Chrome 139)
[main] INFO io.github.bonigarcia.wdm.WebDriverManager - Exporting webdriver.chrome.driver as C:\Users\andre\.cache\selenium\chromedriver\win64\139.0.7258.138\chromedriver.exe
ago 20, 2025 9:42:30 P. M. org.openqa.selenium.devtools.CdpVersionFinder findNearestMatch
WARNING: Unable to find CDP implementation matching 139
ago 20, 2025 9:42:30 P. M. org.openqa.selenium.chromium.ChromiumDriver lambda$new$5
WARNING: Unable to find version of CDP to use for 139.0.7258.138. You may need to include a dependency on a specific version of the CDP using something similar to `org.seleniumhq.selenium:selenium-devtools-v86:4.21.0` where the version ("v86") matches the version of the chromium-based browser you're using and the version number of the artifact is the same as Selenium's.
]]></system-err>
  </testcase>
  <testcase name="Login fallido" classname="Login de doctor" time="5.714">
    <system-out><![CDATA[
@login
Scenario: Login fallido                            &amp#27;[90m# features/login-doctor.feature:8&amp#27;[0m
  &amp#27;[32mGiven &amp#27;[0m&amp#27;[32mque el usuario accede a la página de login&amp#27;[0m &amp#27;[90m# cl.kibernum.steps.LoginDoctorSteps.que_el_usuario_accede_a_la_página_de_login()&amp#27;[0m
  &amp#27;[32mWhen &amp#27;[0m&amp#27;[32mingresa credenciales inválidas&amp#27;[0m              &amp#27;[90m# cl.kibernum.steps.LoginDoctorSteps.ingresa_credenciales_invalidas()&amp#27;[0m
  &amp#27;[32mThen &amp#27;[0m&amp#27;[32mdebería ver el mensaje de error de login&amp#27;[0m    &amp#27;[90m# cl.kibernum.steps.LoginDoctorSteps.deberia_ver_el_mensaje_de_error_de_login()&amp#27;[0m
]]></system-out>
    <system-err><![CDATA[[main] INFO io.github.bonigarcia.wdm.WebDriverManager - Using chromedriver 139.0.7258.138 (resolved driver for Chrome 139)
[main] INFO io.github.bonigarcia.wdm.WebDriverManager - Exporting webdriver.chrome.driver as C:\Users\andre\.cache\selenium\chromedriver\win64\139.0.7258.138\chromedriver.exe
ago 20, 2025 9:42:40 P. M. org.openqa.selenium.devtools.CdpVersionFinder findNearestMatch
WARNING: Unable to find CDP implementation matching 139
ago 20, 2025 9:42:40 P. M. org.openqa.selenium.chromium.ChromiumDriver lambda$new$5
WARNING: Unable to find version of CDP to use for 139.0.7258.138. You may need to include a dependency on a specific version of the CDP using something similar to `org.seleniumhq.selenium:selenium-devtools-v86:4.21.0` where the version ("v86") matches the version of the chromium-based browser you're using and the version number of the artifact is the same as Selenium's.
]]></system-err>
  </testcase>
  <testcase name="Múltiples escenarios de error pediátrico y tratamiento faltante" classname="Validación de las reglas clínicas para asegurar el correcto ingreso de datos" time="9.39">
    <system-out><![CDATA[
@reglas
Scenario: Múltiples escenarios de error pediátrico y tratamiento faltante                                                       &amp#27;[90m# features/reglas-clinicas.feature:15&amp#27;[0m
  &amp#27;[32mGiven &amp#27;[0m&amp#27;[32mque el doctor está en la página de la ficha clínica&amp#27;[0m                                                                     &amp#27;[90m# cl.kibernum.steps.ReglasClinicasSteps.que_el_usuario_ingresa_a_ficha_clínica_accediendo_con_usuario_y_clave()&amp#27;[0m
  &amp#27;[32mAnd &amp#27;[0m&amp#27;[32mcompleta el nombre del paciente &amp#27;[0m&amp#27;[32m&amp#27;[1m"Francisca"&amp#27;[0m&amp#27;[32m, el diagnóstico &amp#27;[0m&amp#27;[32m&amp#27;[1m"Sinusitis"&amp#27;[0m&amp#27;[32m, la edad &amp#27;[0m&amp#27;[32m&amp#27;[1m10&amp#27;[0m&amp#27;[32m y el tratamiento &amp#27;[0m&amp#27;[32m&amp#27;[1m""&amp#27;[0m&amp#27;[32m y guarda la ficha&amp#27;[0m &amp#27;[90m# cl.kibernum.steps.ReglasClinicasSteps.completa_la_ficha_con_paciente_diagnostico_edad_y_tratamiento(java.lang.String,java.lang.String,java.lang.String,java.lang.String)&amp#27;[0m
  &amp#27;[32mThen &amp#27;[0m&amp#27;[32mdebe ver los siguientes mensajes de error:&amp#27;[0m                                                                               &amp#27;[90m# cl.kibernum.steps.ReglasClinicasSteps.debeVerLosSiguientesMensajesDeError(io.cucumber.datatable.DataTable)&amp#27;[0m
    | Para menores de 12 años, el diagnóstico debe ser "Pediátrico". |
    | El tratamiento es obligatorio para guardar la ficha.           |
]]></system-out>
    <system-err><![CDATA[[main] INFO io.github.bonigarcia.wdm.WebDriverManager - Using chromedriver 139.0.7258.138 (resolved driver for Chrome 139)
[main] INFO io.github.bonigarcia.wdm.WebDriverManager - Exporting webdriver.chrome.driver as C:\Users\andre\.cache\selenium\chromedriver\win64\139.0.7258.138\chromedriver.exe
ago 20, 2025 9:42:52 P. M. org.openqa.selenium.devtools.CdpVersionFinder findNearestMatch
WARNING: Unable to find CDP implementation matching 139
ago 20, 2025 9:42:52 P. M. org.openqa.selenium.chromium.ChromiumDriver lambda$new$5
WARNING: Unable to find version of CDP to use for 139.0.7258.138. You may need to include a dependency on a specific version of the CDP using something similar to `org.seleniumhq.selenium:selenium-devtools-v86:4.21.0` where the version ("v86") matches the version of the chromium-based browser you're using and the version number of the artifact is the same as Selenium's.
]]></system-err>
  </testcase>
</testsuite>