<?xml version="1.0" encoding="UTF-8"?>
<testsuite xmlns:xsi="http://www.w3.org/2001/XMLSchema-instance" xsi:noNamespaceSchemaLocation="https://maven.apache.org/surefire/maven-surefire-plugin/xsd/surefire-test-report.xsd" name="RunCucumberTest" time="42.893" tests="13" errors="2" skipped="3" failures="4">
  <properties>
[...]
</properties>
  <testcase name="Example #1.1" classname="cl.kibernum.RunCucumberTest" time="4.7"/>
  <testcase name="Example #1.2" classname="cl.kibernum.RunCucumberTest" time="3.654"/>
  <testcase name="Example #1.3" classname="cl.kibernum.RunCucumberTest" time="2.52"/>
  <testcase name="Example #1.4" classname="cl.kibernum.RunCucumberTest" time="2.37"/>
  <testcase name="Example #1.5" classname="cl.kibernum.RunCucumberTest" time="4.371">
    <failure message="No se encontraron todos los mensajes esperados.&#10;Esperados: [Todos los campos son obligatorios.]&#10;Actuales: [Ficha registrada con éxito.] ==&gt; expected: &lt;true&gt; but was: &lt;false&gt;" type="org.opentest4j.AssertionFailedError"><![CDATA[org.opentest4j.AssertionFailedError: 
No se encontraron todos los mensajes esperados.
Esperados: [Todos los campos son obligatorios.]
Actuales: [Ficha registrada con éxito.] ==> expected: <true> but was: <false>
]]></failure>
    <system-out><![CDATA[
@login @ficha @reglas
Scenario Outline: Completar datos del paciente en ficha clínica                                   &amp#27;[90m# features/ficha-clinica.feature:18&amp#27;[0m
  &amp#27;[32mGiven &amp#27;[0m&amp#27;[32mque el usuario ingresa a ficha clínica accediendo con usuario &amp#27;[0m&amp#27;[32m&amp#27;[1m"doctor"&amp#27;[0m&amp#27;[32m y clave &amp#27;[0m&amp#27;[32m&amp#27;[1m"password"&amp#27;[0m &amp#27;[90m# cl.kibernum.steps.FichaClinicaSteps.que_el_usuario_ingresa_a_ficha_clínica_accediendo_con_usuario_y_clave(java.lang.String,java.lang.String)&amp#27;[0m
  &amp#27;[32mWhen &amp#27;[0m&amp#27;[32mcompleta la ficha con &amp#27;[0m&amp#27;[32m&amp#27;[1mJuana S&amp#27;[0m&amp#27;[32m, &amp#27;[0m&amp#27;[32m&amp#27;[1m""&amp#27;[0m&amp#27;[32m, &amp#27;[0m&amp#27;[32m&amp#27;[1m39&amp#27;[0m&amp#27;[32m y &amp#27;[0m&amp#27;[32m&amp#27;[1mEjercicios&amp#27;[0m                                         &amp#27;[90m# cl.kibernum.steps.FichaClinicaSteps.completa_la_ficha_con_paciente_diagnostico_edad_y_tratamiento(java.lang.String,java.lang.String,java.lang.Integer,java.lang.String)&amp#27;[0m
  &amp#27;[31mThen &amp#27;[0m&amp#27;[31mrecibe los mensajes&amp#27;[0m                                                                        &amp#27;[90m# cl.kibernum.steps.FichaClinicaSteps.recibe_los_mensajes(io.cucumber.datatable.DataTable)&amp#27;[0m
    | Todos los campos son obligatorios. |
    | [empty]                            |
    | [empty]                            |
      &amp#27;[31morg.opentest4j.AssertionFailedError: No se encontraron todos los mensajes esperados.
Esperados: [Todos los campos son obligatorios.]
Actuales: [Ficha registrada con éxito.] ==> expected: <true> but was: <false>
	at org.junit.jupiter.api.AssertionFailureBuilder.build(AssertionFailureBuilder.java:151)
	at org.junit.jupiter.api.AssertionFailureBuilder.buildAndThrow(AssertionFailureBuilder.java:132)
	at org.junit.jupiter.api.AssertTrue.failNotTrue(AssertTrue.java:63)
	at org.junit.jupiter.api.AssertTrue.assertTrue(AssertTrue.java:36)
	at org.junit.jupiter.api.Assertions.assertTrue(Assertions.java:214)
	at cl.kibernum.steps.FichaClinicaSteps.recibe_los_mensajes(FichaClinicaSteps.java:52)
	at ✽.recibe los mensajes(classpath:features/ficha-clinica.feature:7)
&amp#27;[0m
]]></system-out>
    <system-err><![CDATA[[main] INFO io.github.bonigarcia.wdm.WebDriverManager - Using chromedriver 139.0.7258.68 (resolved driver for Chrome 139)
[main] INFO io.github.bonigarcia.wdm.WebDriverManager - Exporting webdriver.chrome.driver as C:\Users\andre\.cache\selenium\chromedriver\win64\139.0.7258.68\chromedriver.exe
ago 13, 2025 11:48:58 P. M. org.openqa.selenium.devtools.CdpVersionFinder findNearestMatch
WARNING: Unable to find CDP implementation matching 139
ago 13, 2025 11:48:58 P. M. org.openqa.selenium.chromium.ChromiumDriver lambda$new$5
WARNING: Unable to find version of CDP to use for 139.0.7258.67. You may need to include a dependency on a specific version of the CDP using something similar to `org.seleniumhq.selenium:selenium-devtools-v86:4.21.0` where the version ("v86") matches the version of the chromium-based browser you're using and the version number of the artifact is the same as Selenium's.
]]></system-err>
  </testcase>
  <testcase name="Example #1.6" classname="cl.kibernum.RunCucumberTest" time="2.951">
    <failure message="No se encontraron todos los mensajes esperados.&#10;Esperados: [Todos los campos son obligatorios.]&#10;Actuales: [Ficha registrada con éxito.] ==&gt; expected: &lt;true&gt; but was: &lt;false&gt;" type="org.opentest4j.AssertionFailedError"><![CDATA[org.opentest4j.AssertionFailedError: 
No se encontraron todos los mensajes esperados.
Esperados: [Todos los campos son obligatorios.]
Actuales: [Ficha registrada con éxito.] ==> expected: <true> but was: <false>
]]></failure>
    <system-out><![CDATA[
@login @ficha @reglas
Scenario Outline: Completar datos del paciente en ficha clínica                                   &amp#27;[90m# features/ficha-clinica.feature:19&amp#27;[0m
  &amp#27;[32mGiven &amp#27;[0m&amp#27;[32mque el usuario ingresa a ficha clínica accediendo con usuario &amp#27;[0m&amp#27;[32m&amp#27;[1m"doctor"&amp#27;[0m&amp#27;[32m y clave &amp#27;[0m&amp#27;[32m&amp#27;[1m"password"&amp#27;[0m &amp#27;[90m# cl.kibernum.steps.FichaClinicaSteps.que_el_usuario_ingresa_a_ficha_clínica_accediendo_con_usuario_y_clave(java.lang.String,java.lang.String)&amp#27;[0m
  &amp#27;[32mWhen &amp#27;[0m&amp#27;[32mcompleta la ficha con &amp#27;[0m&amp#27;[32m&amp#27;[1m""&amp#27;[0m&amp#27;[32m, &amp#27;[0m&amp#27;[32m&amp#27;[1mlumbago&amp#27;[0m&amp#27;[32m, &amp#27;[0m&amp#27;[32m&amp#27;[1m21&amp#27;[0m&amp#27;[32m y &amp#27;[0m&amp#27;[32m&amp#27;[1mEjercicios&amp#27;[0m                                         &amp#27;[90m# cl.kibernum.steps.FichaClinicaSteps.completa_la_ficha_con_paciente_diagnostico_edad_y_tratamiento(java.lang.String,java.lang.String,java.lang.Integer,java.lang.String)&amp#27;[0m
  &amp#27;[31mThen &amp#27;[0m&amp#27;[31mrecibe los mensajes&amp#27;[0m                                                                        &amp#27;[90m# cl.kibernum.steps.FichaClinicaSteps.recibe_los_mensajes(io.cucumber.datatable.DataTable)&amp#27;[0m
    | Todos los campos son obligatorios. |
    | [empty]                            |
    | [empty]                            |
      &amp#27;[31morg.opentest4j.AssertionFailedError: No se encontraron todos los mensajes esperados.
Esperados: [Todos los campos son obligatorios.]
Actuales: [Ficha registrada con éxito.] ==> expected: <true> but was: <false>
	at org.junit.jupiter.api.AssertionFailureBuilder.build(AssertionFailureBuilder.java:151)
	at org.junit.jupiter.api.AssertionFailureBuilder.buildAndThrow(AssertionFailureBuilder.java:132)
	at org.junit.jupiter.api.AssertTrue.failNotTrue(AssertTrue.java:63)
	at org.junit.jupiter.api.AssertTrue.assertTrue(AssertTrue.java:36)
	at org.junit.jupiter.api.Assertions.assertTrue(Assertions.java:214)
	at cl.kibernum.steps.FichaClinicaSteps.recibe_los_mensajes(FichaClinicaSteps.java:52)
	at ✽.recibe los mensajes(classpath:features/ficha-clinica.feature:7)
&amp#27;[0m
]]></system-out>
    <system-err><![CDATA[[main] INFO io.github.bonigarcia.wdm.WebDriverManager - Using chromedriver 139.0.7258.68 (resolved driver for Chrome 139)
[main] INFO io.github.bonigarcia.wdm.WebDriverManager - Exporting webdriver.chrome.driver as C:\Users\andre\.cache\selenium\chromedriver\win64\139.0.7258.68\chromedriver.exe
ago 13, 2025 11:49:02 P. M. org.openqa.selenium.devtools.CdpVersionFinder findNearestMatch
WARNING: Unable to find CDP implementation matching 139
ago 13, 2025 11:49:02 P. M. org.openqa.selenium.chromium.ChromiumDriver lambda$new$5
WARNING: Unable to find version of CDP to use for 139.0.7258.67. You may need to include a dependency on a specific version of the CDP using something similar to `org.seleniumhq.selenium:selenium-devtools-v86:4.21.0` where the version ("v86") matches the version of the chromium-based browser you're using and the version number of the artifact is the same as Selenium's.
]]></system-err>
  </testcase>
  <testcase name="Example #1.7" classname="cl.kibernum.RunCucumberTest" time="2.413">
    <error message="The step &apos;completa la ficha con Luisa M, hipertensión, &quot;&quot; y Antihipertensivos&apos; is undefined.&#10;You can implement this step using the snippet(s) below:&#10;&#10;@When(&quot;completa la ficha con Luisa M, hipertensión, {string} y Antihipertensivos&quot;)&#10;public void completa_la_ficha_con_luisa_m_hipertensión_y_antihipertensivos(String string) {&#10;    // Write code here that turns the phrase above into concrete actions&#10;    throw new io.cucumber.java.PendingException();&#10;}&#10;" type="io.cucumber.junit.platform.engine.UndefinedStepException">io.cucumber.junit.platform.engine.UndefinedStepException: 
The step 'completa la ficha con Luisa M, hipertensión, "" y Antihipertensivos' is undefined.
You can implement this step using the snippet(s) below:

@When("completa la ficha con Luisa M, hipertensión, {string} y Antihipertensivos")
public void completa_la_ficha_con_luisa_m_hipertensión_y_antihipertensivos(String string) {
    // Write code here that turns the phrase above into concrete actions
    throw new io.cucumber.java.PendingException();
}

</error>
    <system-out><![CDATA[
@login @ficha @reglas
Scenario Outline: Completar datos del paciente en ficha clínica                                   &amp#27;[90m# features/ficha-clinica.feature:20&amp#27;[0m
  &amp#27;[32mGiven &amp#27;[0m&amp#27;[32mque el usuario ingresa a ficha clínica accediendo con usuario &amp#27;[0m&amp#27;[32m&amp#27;[1m"doctor"&amp#27;[0m&amp#27;[32m y clave &amp#27;[0m&amp#27;[32m&amp#27;[1m"password"&amp#27;[0m &amp#27;[90m# cl.kibernum.steps.FichaClinicaSteps.que_el_usuario_ingresa_a_ficha_clínica_accediendo_con_usuario_y_clave(java.lang.String,java.lang.String)&amp#27;[0m
  &amp#27;[33mWhen &amp#27;[0m&amp#27;[33mcompleta la ficha con Luisa M, hipertensión, "" y Antihipertensivos&amp#27;[0m
  &amp#27;[36mThen &amp#27;[0m&amp#27;[36mrecibe los mensajes&amp#27;[0m                                                                        &amp#27;[90m# cl.kibernum.steps.FichaClinicaSteps.recibe_los_mensajes(io.cucumber.datatable.DataTable)&amp#27;[0m
    | Todos los campos son obligatorios. |
    | [empty]                            |
    | [empty]                            |
]]></system-out>
    <system-err><![CDATA[[main] INFO io.github.bonigarcia.wdm.WebDriverManager - Using chromedriver 139.0.7258.68 (resolved driver for Chrome 139)
[main] INFO io.github.bonigarcia.wdm.WebDriverManager - Exporting webdriver.chrome.driver as C:\Users\andre\.cache\selenium\chromedriver\win64\139.0.7258.68\chromedriver.exe
ago 13, 2025 11:49:05 P. M. org.openqa.selenium.devtools.CdpVersionFinder findNearestMatch
WARNING: Unable to find CDP implementation matching 139
ago 13, 2025 11:49:05 P. M. org.openqa.selenium.chromium.ChromiumDriver lambda$new$5
WARNING: Unable to find version of CDP to use for 139.0.7258.67. You may need to include a dependency on a specific version of the CDP using something similar to `org.seleniumhq.selenium:selenium-devtools-v86:4.21.0` where the version ("v86") matches the version of the chromium-based browser you're using and the version number of the artifact is the same as Selenium's.
]]></system-err>
  </testcase>
  <testcase name="Example #1.8" classname="cl.kibernum.RunCucumberTest" time="14.38">
    <failure message="No se encontraron todos los mensajes esperados.&#10;Esperados: [Todos los campos son obligatorios., El tratamiento es obligatorio para guardar la ficha.]&#10;Actuales: [] ==&gt; expected: &lt;true&gt; but was: &lt;false&gt;" type="org.opentest4j.AssertionFailedError"><![CDATA[org.opentest4j.AssertionFailedError: 
No se encontraron todos los mensajes esperados.
Esperados: [Todos los campos son obligatorios., El tratamiento es obligatorio para guardar la ficha.]
Actuales: [] ==> expected: <true> but was: <false>
]]></failure>
    <system-out><![CDATA[
@login @ficha @reglas
Scenario Outline: Completar datos del paciente en ficha clínica                                   &amp#27;[90m# features/ficha-clinica.feature:21&amp#27;[0m
  &amp#27;[32mGiven &amp#27;[0m&amp#27;[32mque el usuario ingresa a ficha clínica accediendo con usuario &amp#27;[0m&amp#27;[32m&amp#27;[1m"doctor"&amp#27;[0m&amp#27;[32m y clave &amp#27;[0m&amp#27;[32m&amp#27;[1m"password"&amp#27;[0m &amp#27;[90m# cl.kibernum.steps.FichaClinicaSteps.que_el_usuario_ingresa_a_ficha_clínica_accediendo_con_usuario_y_clave(java.lang.String,java.lang.String)&amp#27;[0m
  &amp#27;[32mWhen &amp#27;[0m&amp#27;[32mcompleta la ficha con &amp#27;[0m&amp#27;[32m&amp#27;[1mJuan B&amp#27;[0m&amp#27;[32m, &amp#27;[0m&amp#27;[32m&amp#27;[1motitis&amp#27;[0m&amp#27;[32m, &amp#27;[0m&amp#27;[32m&amp#27;[1m45&amp#27;[0m&amp#27;[32m y &amp#27;[0m&amp#27;[32m&amp#27;[1m""&amp#27;[0m                                              &amp#27;[90m# cl.kibernum.steps.FichaClinicaSteps.completa_la_ficha_con_paciente_diagnostico_edad_y_tratamiento(java.lang.String,java.lang.String,java.lang.Integer,java.lang.String)&amp#27;[0m
  &amp#27;[31mThen &amp#27;[0m&amp#27;[31mrecibe los mensajes&amp#27;[0m                                                                        &amp#27;[90m# cl.kibernum.steps.FichaClinicaSteps.recibe_los_mensajes(io.cucumber.datatable.DataTable)&amp#27;[0m
    | Todos los campos son obligatorios.                   |
    | El tratamiento es obligatorio para guardar la ficha. |
    | [empty]                                              |
      &amp#27;[31morg.opentest4j.AssertionFailedError: No se encontraron todos los mensajes esperados.
Esperados: [Todos los campos son obligatorios., El tratamiento es obligatorio para guardar la ficha.]
Actuales: [] ==> expected: <true> but was: <false>
	at org.junit.jupiter.api.AssertionFailureBuilder.build(AssertionFailureBuilder.java:151)
	at org.junit.jupiter.api.AssertionFailureBuilder.buildAndThrow(AssertionFailureBuilder.java:132)
	at org.junit.jupiter.api.AssertTrue.failNotTrue(AssertTrue.java:63)
	at org.junit.jupiter.api.AssertTrue.assertTrue(AssertTrue.java:36)
	at org.junit.jupiter.api.Assertions.assertTrue(Assertions.java:214)
	at cl.kibernum.steps.FichaClinicaSteps.recibe_los_mensajes(FichaClinicaSteps.java:52)
	at ✽.recibe los mensajes(classpath:features/ficha-clinica.feature:7)
&amp#27;[0m
]]></system-out>
    <system-err><![CDATA[[main] INFO io.github.bonigarcia.wdm.WebDriverManager - Using chromedriver 139.0.7258.68 (resolved driver for Chrome 139)
[main] INFO io.github.bonigarcia.wdm.WebDriverManager - Exporting webdriver.chrome.driver as C:\Users\andre\.cache\selenium\chromedriver\win64\139.0.7258.68\chromedriver.exe
ago 13, 2025 11:49:08 P. M. org.openqa.selenium.devtools.CdpVersionFinder findNearestMatch
WARNING: Unable to find CDP implementation matching 139
ago 13, 2025 11:49:08 P. M. org.openqa.selenium.chromium.ChromiumDriver lambda$new$5
WARNING: Unable to find version of CDP to use for 139.0.7258.67. You may need to include a dependency on a specific version of the CDP using something similar to `org.seleniumhq.selenium:selenium-devtools-v86:4.21.0` where the version ("v86") matches the version of the chromium-based browser you're using and the version number of the artifact is the same as Selenium's.
]]></system-err>
  </testcase>
  <testcase name="Example #1.9" classname="cl.kibernum.RunCucumberTest" time="2.7">
    <failure message="No se encontraron todos los mensajes esperados.&#10;Esperados: [Todos los campos son obligatorios., Para menores de 12 años, el diagnóstico debe ser &quot;Pediátrico&quot;., El tratamiento es obligatorio para guardar la ficha.]&#10;Actuales: [Para menores de 12 años, el diagnóstico debe ser &quot;Pediátrico&quot;.] ==&gt; expected: &lt;true&gt; but was: &lt;false&gt;" type="org.opentest4j.AssertionFailedError"><![CDATA[org.opentest4j.AssertionFailedError: 
No se encontraron todos los mensajes esperados.
Esperados: [Todos los campos son obligatorios., Para menores de 12 años, el diagnóstico debe ser "Pediátrico"., El tratamiento es obligatorio para guardar la ficha.]
Actuales: [Para menores de 12 años, el diagnóstico debe ser "Pediátrico".] ==> expected: <true> but was: <false>
]]></failure>
    <system-out><![CDATA[
@login @ficha @reglas
Scenario Outline: Completar datos del paciente en ficha clínica                                   &amp#27;[90m# features/ficha-clinica.feature:22&amp#27;[0m
  &amp#27;[32mGiven &amp#27;[0m&amp#27;[32mque el usuario ingresa a ficha clínica accediendo con usuario &amp#27;[0m&amp#27;[32m&amp#27;[1m"doctor"&amp#27;[0m&amp#27;[32m y clave &amp#27;[0m&amp#27;[32m&amp#27;[1m"password"&amp#27;[0m &amp#27;[90m# cl.kibernum.steps.FichaClinicaSteps.que_el_usuario_ingresa_a_ficha_clínica_accediendo_con_usuario_y_clave(java.lang.String,java.lang.String)&amp#27;[0m
  &amp#27;[32mWhen &amp#27;[0m&amp#27;[32mcompleta la ficha con &amp#27;[0m&amp#27;[32m&amp#27;[1mMiguel&amp#27;[0m&amp#27;[32m, &amp#27;[0m&amp#27;[32m&amp#27;[1motitis&amp#27;[0m&amp#27;[32m, &amp#27;[0m&amp#27;[32m&amp#27;[1m10&amp#27;[0m&amp#27;[32m y &amp#27;[0m&amp#27;[32m&amp#27;[1m""&amp#27;[0m                                              &amp#27;[90m# cl.kibernum.steps.FichaClinicaSteps.completa_la_ficha_con_paciente_diagnostico_edad_y_tratamiento(java.lang.String,java.lang.String,java.lang.Integer,java.lang.String)&amp#27;[0m
  &amp#27;[31mThen &amp#27;[0m&amp#27;[31mrecibe los mensajes&amp#27;[0m                                                                        &amp#27;[90m# cl.kibernum.steps.FichaClinicaSteps.recibe_los_mensajes(io.cucumber.datatable.DataTable)&amp#27;[0m
    | Todos los campos son obligatorios.                             |
    | Para menores de 12 años, el diagnóstico debe ser "Pediátrico". |
    | El tratamiento es obligatorio para guardar la ficha.           |
      &amp#27;[31morg.opentest4j.AssertionFailedError: No se encontraron todos los mensajes esperados.
Esperados: [Todos los campos son obligatorios., Para menores de 12 años, el diagnóstico debe ser "Pediátrico"., El tratamiento es obligatorio para guardar la ficha.]
Actuales: [Para menores de 12 años, el diagnóstico debe ser "Pediátrico".] ==> expected: <true> but was: <false>
	at org.junit.jupiter.api.AssertionFailureBuilder.build(AssertionFailureBuilder.java:151)
	at org.junit.jupiter.api.AssertionFailureBuilder.buildAndThrow(AssertionFailureBuilder.java:132)
	at org.junit.jupiter.api.AssertTrue.failNotTrue(AssertTrue.java:63)
	at org.junit.jupiter.api.AssertTrue.assertTrue(AssertTrue.java:36)
	at org.junit.jupiter.api.Assertions.assertTrue(Assertions.java:214)
	at cl.kibernum.steps.FichaClinicaSteps.recibe_los_mensajes(FichaClinicaSteps.java:52)
	at ✽.recibe los mensajes(classpath:features/ficha-clinica.feature:7)
&amp#27;[0m
]]></system-out>
    <system-err><![CDATA[[main] INFO io.github.bonigarcia.wdm.WebDriverManager - Using chromedriver 139.0.7258.68 (resolved driver for Chrome 139)
[main] INFO io.github.bonigarcia.wdm.WebDriverManager - Exporting webdriver.chrome.driver as C:\Users\andre\.cache\selenium\chromedriver\win64\139.0.7258.68\chromedriver.exe
ago 13, 2025 11:49:22 P. M. org.openqa.selenium.devtools.CdpVersionFinder findNearestMatch
WARNING: Unable to find CDP implementation matching 139
ago 13, 2025 11:49:22 P. M. org.openqa.selenium.chromium.ChromiumDriver lambda$new$5
WARNING: Unable to find version of CDP to use for 139.0.7258.67. You may need to include a dependency on a specific version of the CDP using something similar to `org.seleniumhq.selenium:selenium-devtools-v86:4.21.0` where the version ("v86") matches the version of the chromium-based browser you're using and the version number of the artifact is the same as Selenium's.
]]></system-err>
  </testcase>
  <testcase name="Example #1.10" classname="cl.kibernum.RunCucumberTest" time="2.149">
    <error message="The step &apos;completa la ficha con &quot;&quot;, &quot;&quot;, &quot;&quot; y &quot;&quot;&apos; is undefined.&#10;You can implement this step using the snippet(s) below:&#10;&#10;@When(&quot;completa la ficha con {string}, {string}, {string} y {string}&quot;)&#10;public void completa_la_ficha_con_y(String string, String string2, String string3, String string4) {&#10;    // Write code here that turns the phrase above into concrete actions&#10;    throw new io.cucumber.java.PendingException();&#10;}&#10;" type="io.cucumber.junit.platform.engine.UndefinedStepException">io.cucumber.junit.platform.engine.UndefinedStepException: 
The step 'completa la ficha con "", "", "" y ""' is undefined.
You can implement this step using the snippet(s) below:

@When("completa la ficha con {string}, {string}, {string} y {string}")
public void completa_la_ficha_con_y(String string, String string2, String string3, String string4) {
    // Write code here that turns the phrase above into concrete actions
    throw new io.cucumber.java.PendingException();
}

</error>
    <system-out><![CDATA[
@login @ficha @reglas
Scenario Outline: Completar datos del paciente en ficha clínica                                   &amp#27;[90m# features/ficha-clinica.feature:23&amp#27;[0m
  &amp#27;[32mGiven &amp#27;[0m&amp#27;[32mque el usuario ingresa a ficha clínica accediendo con usuario &amp#27;[0m&amp#27;[32m&amp#27;[1m"doctor"&amp#27;[0m&amp#27;[32m y clave &amp#27;[0m&amp#27;[32m&amp#27;[1m"password"&amp#27;[0m &amp#27;[90m# cl.kibernum.steps.FichaClinicaSteps.que_el_usuario_ingresa_a_ficha_clínica_accediendo_con_usuario_y_clave(java.lang.String,java.lang.String)&amp#27;[0m
  &amp#27;[33mWhen &amp#27;[0m&amp#27;[33mcompleta la ficha con "", "", "" y ""&amp#27;[0m
  &amp#27;[36mThen &amp#27;[0m&amp#27;[36mrecibe los mensajes&amp#27;[0m                                                                        &amp#27;[90m# cl.kibernum.steps.FichaClinicaSteps.recibe_los_mensajes(io.cucumber.datatable.DataTable)&amp#27;[0m
    | Todos los campos son obligatorios. |
    | [empty]                            |
    | [empty]                            |
]]></system-out>
    <system-err><![CDATA[[main] INFO io.github.bonigarcia.wdm.WebDriverManager - Using chromedriver 139.0.7258.68 (resolved driver for Chrome 139)
[main] INFO io.github.bonigarcia.wdm.WebDriverManager - Exporting webdriver.chrome.driver as C:\Users\andre\.cache\selenium\chromedriver\win64\139.0.7258.68\chromedriver.exe
ago 13, 2025 11:49:25 P. M. org.openqa.selenium.devtools.CdpVersionFinder findNearestMatch
WARNING: Unable to find CDP implementation matching 139
ago 13, 2025 11:49:25 P. M. org.openqa.selenium.chromium.ChromiumDriver lambda$new$5
WARNING: Unable to find version of CDP to use for 139.0.7258.67. You may need to include a dependency on a specific version of the CDP using something similar to `org.seleniumhq.selenium:selenium-devtools-v86:4.21.0` where the version ("v86") matches the version of the chromium-based browser you're using and the version number of the artifact is the same as Selenium's.
]]></system-err>
  </testcase>
  <testcase name="Validación de login de doctor" classname="cl.kibernum.RunCucumberTest" time="0">
    <skipped message="&apos;cucumber.filter.tags=( ( @login and @ficha ) and @reglas )&apos; did not match this scenario"/>
  </testcase>
  <testcase name="Validación de edad del paciente" classname="cl.kibernum.RunCucumberTest" time="0">
    <skipped message="&apos;cucumber.filter.tags=( ( @login and @ficha ) and @reglas )&apos; did not match this scenario"/>
  </testcase>
  <testcase name="Validación ficha clínica" classname="cl.kibernum.RunCucumberTest" time="0">
    <skipped message="&apos;cucumber.filter.tags=( ( @login and @ficha ) and @reglas )&apos; did not match this scenario"/>
  </testcase>
</testsuite>