<?xml version="1.0" encoding="UTF-8"?>
<testsuite xmlns:xsi="http://www.w3.org/2001/XMLSchema-instance" xsi:noNamespaceSchemaLocation="https://maven.apache.org/surefire/maven-surefire-plugin/xsd/surefire-test-report.xsd" name="RunCucumberTest" time="39.141" tests="14" errors="14" skipped="0" failures="0">
  <properties>
[...]
</properties>
  <testcase name="Example #1.1" classname="cl.kibernum.RunCucumberTest" time="2.717">
    <error message="Cannot invoke &quot;cl.kibernum.pages.FichaClinica.navigateTo()&quot; because &quot;this.fichaClinica&quot; is null" type="java.lang.NullPointerException">java.lang.NullPointerException: Cannot invoke "cl.kibernum.pages.FichaClinica.navigateTo()" because "this.fichaClinica" is null
</error>
    <system-out><![CDATA[
@ficha
Scenario Outline: Completar datos del paciente en ficha clínica   &amp#27;[90m# features/ficha-clinica.feature:10&amp#27;[0m
  &amp#27;[31mGiven &amp#27;[0m&amp#27;[31mque el usuario está en el formulario de ficha clínica&amp#27;[0m     &amp#27;[90m# cl.kibernum.steps.FichaClinicaSteps.que_el_usuario_está_en_el_formulario_de_ficha_clínica()&amp#27;[0m
      &amp#27;[31mjava.lang.NullPointerException: Cannot invoke "cl.kibernum.pages.FichaClinica.navigateTo()" because "this.fichaClinica" is null
	at cl.kibernum.steps.FichaClinicaSteps.que_el_usuario_está_en_el_formulario_de_ficha_clínica(FichaClinicaSteps.java:17)
	at ✽.que el usuario está en el formulario de ficha clínica(classpath:features/ficha-clinica.feature:4)
&amp#27;[0m
  &amp#27;[36mWhen &amp#27;[0m&amp#27;[36mcompleta la ficha con &amp#27;[0m&amp#27;[36m&amp#27;[1mAndrea J&amp#27;[0m&amp#27;[36m, &amp#27;[0m&amp#27;[36m&amp#27;[1mrosácea&amp#27;[0m&amp#27;[36m, &amp#27;[0m&amp#27;[36m&amp#27;[1m50&amp#27;[0m&amp#27;[36m y &amp#27;[0m&amp#27;[36m&amp#27;[1mCrema tópica&amp#27;[0m &amp#27;[90m# cl.kibernum.steps.FichaClinicaSteps.completa_la_ficha_con_paciente_diagnostico_edad_y_tratamiento(java.lang.String,java.lang.String,int,java.lang.String)&amp#27;[0m
  &amp#27;[36mThen &amp#27;[0m&amp#27;[36mrecibe el mensaje Ficha registrada con éxito.&amp#27;[0m
]]></system-out>
    <system-err><![CDATA[SLF4J(W): No SLF4J providers were found.
SLF4J(W): Defaulting to no-operation (NOP) logger implementation
SLF4J(W): See https://www.slf4j.org/codes.html#noProviders for further details.
ago 12, 2025 7:46:02 P. M. org.openqa.selenium.devtools.CdpVersionFinder findNearestMatch
WARNING: Unable to find CDP implementation matching 139
ago 12, 2025 7:46:02 P. M. org.openqa.selenium.chromium.ChromiumDriver lambda$new$5
WARNING: Unable to find version of CDP to use for 139.0.7258.67. You may need to include a dependency on a specific version of the CDP using something similar to `org.seleniumhq.selenium:selenium-devtools-v86:4.21.0` where the version ("v86") matches the version of the chromium-based browser you're using and the version number of the artifact is the same as Selenium's.
]]></system-err>
  </testcase>
  <testcase name="Example #1.1" classname="cl.kibernum.RunCucumberTest" time="5.121">
    <error message="The step &apos;que el usuario accede a la página de login&apos; and 2 other step(s) are undefined.&#10;You can implement these steps using the snippet(s) below:&#10;&#10;@Given(&quot;que el usuario accede a la página de login&quot;)&#10;public void que_el_usuario_accede_a_la_página_de_login() {&#10;    // Write code here that turns the phrase above into concrete actions&#10;    throw new io.cucumber.java.PendingException();&#10;}&#10;@When(&quot;ingresa el usuario doctor y la clave &lt;password&gt;&quot;)&#10;public void ingresa_el_usuario_doctor_y_la_clave_password() {&#10;    // Write code here that turns the phrase above into concrete actions&#10;    throw new io.cucumber.java.PendingException();&#10;}&#10;@Then(&quot;debería ver el mensaje {string}&quot;)&#10;public void debería_ver_el_mensaje(String string) {&#10;    // Write code here that turns the phrase above into concrete actions&#10;    throw new io.cucumber.java.PendingException();&#10;}&#10;" type="io.cucumber.junit.platform.engine.UndefinedStepException"><![CDATA[io.cucumber.junit.platform.engine.UndefinedStepException: 
The step 'que el usuario accede a la página de login' and 2 other step(s) are undefined.
You can implement these steps using the snippet(s) below:

@Given("que el usuario accede a la página de login")
public void que_el_usuario_accede_a_la_página_de_login() {
    // Write code here that turns the phrase above into concrete actions
    throw new io.cucumber.java.PendingException();
}
@When("ingresa el usuario doctor y la clave <password>")
public void ingresa_el_usuario_doctor_y_la_clave_password() {
    // Write code here that turns the phrase above into concrete actions
    throw new io.cucumber.java.PendingException();
}
@Then("debería ver el mensaje {string}")
public void debería_ver_el_mensaje(String string) {
    // Write code here that turns the phrase above into concrete actions
    throw new io.cucumber.java.PendingException();
}

]]></error>
    <system-out><![CDATA[
@login
Scenario Outline: Validación de login de doctor        &amp#27;[90m# features/login-doctor.feature:10&amp#27;[0m
  &amp#27;[33mGiven &amp#27;[0m&amp#27;[33mque el usuario accede a la página de login&amp#27;[0m
  &amp#27;[36mWhen &amp#27;[0m&amp#27;[36mingresa el usuario doctor y la clave <password>&amp#27;[0m
  &amp#27;[36mThen &amp#27;[0m&amp#27;[36mdebería ver el mensaje "<mensaje>"&amp#27;[0m
]]></system-out>
    <system-err><![CDATA[ago 12, 2025 7:46:27 P. M. org.openqa.selenium.devtools.CdpVersionFinder findNearestMatch
WARNING: Unable to find CDP implementation matching 139
ago 12, 2025 7:46:27 P. M. org.openqa.selenium.chromium.ChromiumDriver lambda$new$5
WARNING: Unable to find version of CDP to use for 139.0.7258.67. You may need to include a dependency on a specific version of the CDP using something similar to `org.seleniumhq.selenium:selenium-devtools-v86:4.21.0` where the version ("v86") matches the version of the chromium-based browser you're using and the version number of the artifact is the same as Selenium's.
]]></system-err>
  </testcase>
  <testcase name="Example #1.2" classname="cl.kibernum.RunCucumberTest" time="1.601">
    <error message="Cannot invoke &quot;cl.kibernum.pages.FichaClinica.navigateTo()&quot; because &quot;this.fichaClinica&quot; is null" type="java.lang.NullPointerException">java.lang.NullPointerException: Cannot invoke "cl.kibernum.pages.FichaClinica.navigateTo()" because "this.fichaClinica" is null
</error>
    <system-out><![CDATA[
@ficha
Scenario Outline: Completar datos del paciente en ficha clínica                         &amp#27;[90m# features/ficha-clinica.feature:11&amp#27;[0m
  &amp#27;[31mGiven &amp#27;[0m&amp#27;[31mque el usuario está en el formulario de ficha clínica&amp#27;[0m                           &amp#27;[90m# cl.kibernum.steps.FichaClinicaSteps.que_el_usuario_está_en_el_formulario_de_ficha_clínica()&amp#27;[0m
      &amp#27;[31mjava.lang.NullPointerException: Cannot invoke "cl.kibernum.pages.FichaClinica.navigateTo()" because "this.fichaClinica" is null
	at cl.kibernum.steps.FichaClinicaSteps.que_el_usuario_está_en_el_formulario_de_ficha_clínica(FichaClinicaSteps.java:17)
	at ✽.que el usuario está en el formulario de ficha clínica(classpath:features/ficha-clinica.feature:4)
&amp#27;[0m
  &amp#27;[36mWhen &amp#27;[0m&amp#27;[36mcompleta la ficha con &amp#27;[0m&amp#27;[36m&amp#27;[1mSofía E&amp#27;[0m&amp#27;[36m, &amp#27;[0m&amp#27;[36m&amp#27;[1mT.E.A.&amp#27;[0m&amp#27;[36m, &amp#27;[0m&amp#27;[36m&amp#27;[1m10&amp#27;[0m&amp#27;[36m y &amp#27;[0m&amp#27;[36m&amp#27;[1mTerapia psico&amp#27;[0m                        &amp#27;[90m# cl.kibernum.steps.FichaClinicaSteps.completa_la_ficha_con_paciente_diagnostico_edad_y_tratamiento(java.lang.String,java.lang.String,int,java.lang.String)&amp#27;[0m
  &amp#27;[36mThen &amp#27;[0m&amp#27;[36mrecibe el mensaje Para menores de 12 años, el diagnóstico debe ser "Pediátrico".&amp#27;[0m
]]></system-out>
    <system-err><![CDATA[ago 12, 2025 7:46:03 P. M. org.openqa.selenium.devtools.CdpVersionFinder findNearestMatch
WARNING: Unable to find CDP implementation matching 139
ago 12, 2025 7:46:03 P. M. org.openqa.selenium.chromium.ChromiumDriver lambda$new$5
WARNING: Unable to find version of CDP to use for 139.0.7258.67. You may need to include a dependency on a specific version of the CDP using something similar to `org.seleniumhq.selenium:selenium-devtools-v86:4.21.0` where the version ("v86") matches the version of the chromium-based browser you're using and the version number of the artifact is the same as Selenium's.
]]></system-err>
  </testcase>
  <testcase name="Example #1.2" classname="cl.kibernum.RunCucumberTest" time="4.151">
    <error message="The step &apos;que el usuario accede a la página de login&apos; and 2 other step(s) are undefined.&#10;You can implement these steps using the snippet(s) below:&#10;&#10;@Given(&quot;que el usuario accede a la página de login&quot;)&#10;public void que_el_usuario_accede_a_la_página_de_login() {&#10;    // Write code here that turns the phrase above into concrete actions&#10;    throw new io.cucumber.java.PendingException();&#10;}&#10;@When(&quot;ingresa el usuario medico y la clave &lt;password&gt;&quot;)&#10;public void ingresa_el_usuario_medico_y_la_clave_password() {&#10;    // Write code here that turns the phrase above into concrete actions&#10;    throw new io.cucumber.java.PendingException();&#10;}&#10;@Then(&quot;debería ver el mensaje {string}&quot;)&#10;public void debería_ver_el_mensaje(String string) {&#10;    // Write code here that turns the phrase above into concrete actions&#10;    throw new io.cucumber.java.PendingException();&#10;}&#10;" type="io.cucumber.junit.platform.engine.UndefinedStepException"><![CDATA[io.cucumber.junit.platform.engine.UndefinedStepException: 
The step 'que el usuario accede a la página de login' and 2 other step(s) are undefined.
You can implement these steps using the snippet(s) below:

@Given("que el usuario accede a la página de login")
public void que_el_usuario_accede_a_la_página_de_login() {
    // Write code here that turns the phrase above into concrete actions
    throw new io.cucumber.java.PendingException();
}
@When("ingresa el usuario medico y la clave <password>")
public void ingresa_el_usuario_medico_y_la_clave_password() {
    // Write code here that turns the phrase above into concrete actions
    throw new io.cucumber.java.PendingException();
}
@Then("debería ver el mensaje {string}")
public void debería_ver_el_mensaje(String string) {
    // Write code here that turns the phrase above into concrete actions
    throw new io.cucumber.java.PendingException();
}

]]></error>
    <system-out><![CDATA[
@login
Scenario Outline: Validación de login de doctor        &amp#27;[90m# features/login-doctor.feature:11&amp#27;[0m
  &amp#27;[33mGiven &amp#27;[0m&amp#27;[33mque el usuario accede a la página de login&amp#27;[0m
  &amp#27;[36mWhen &amp#27;[0m&amp#27;[36mingresa el usuario medico y la clave <password>&amp#27;[0m
  &amp#27;[36mThen &amp#27;[0m&amp#27;[36mdebería ver el mensaje "<mensaje>"&amp#27;[0m
]]></system-out>
    <system-err><![CDATA[ago 12, 2025 7:46:31 P. M. org.openqa.selenium.devtools.CdpVersionFinder findNearestMatch
WARNING: Unable to find CDP implementation matching 139
ago 12, 2025 7:46:31 P. M. org.openqa.selenium.chromium.ChromiumDriver lambda$new$5
WARNING: Unable to find version of CDP to use for 139.0.7258.67. You may need to include a dependency on a specific version of the CDP using something similar to `org.seleniumhq.selenium:selenium-devtools-v86:4.21.0` where the version ("v86") matches the version of the chromium-based browser you're using and the version number of the artifact is the same as Selenium's.
]]></system-err>
  </testcase>
  <testcase name="Example #1.3" classname="cl.kibernum.RunCucumberTest" time="1.279">
    <error message="Cannot invoke &quot;cl.kibernum.pages.FichaClinica.navigateTo()&quot; because &quot;this.fichaClinica&quot; is null" type="java.lang.NullPointerException">java.lang.NullPointerException: Cannot invoke "cl.kibernum.pages.FichaClinica.navigateTo()" because "this.fichaClinica" is null
</error>
    <system-out><![CDATA[
@ficha
Scenario Outline: Completar datos del paciente en ficha clínica      &amp#27;[90m# features/ficha-clinica.feature:12&amp#27;[0m
  &amp#27;[31mGiven &amp#27;[0m&amp#27;[31mque el usuario está en el formulario de ficha clínica&amp#27;[0m        &amp#27;[90m# cl.kibernum.steps.FichaClinicaSteps.que_el_usuario_está_en_el_formulario_de_ficha_clínica()&amp#27;[0m
      &amp#27;[31mjava.lang.NullPointerException: Cannot invoke "cl.kibernum.pages.FichaClinica.navigateTo()" because "this.fichaClinica" is null
	at cl.kibernum.steps.FichaClinicaSteps.que_el_usuario_está_en_el_formulario_de_ficha_clínica(FichaClinicaSteps.java:17)
	at ✽.que el usuario está en el formulario de ficha clínica(classpath:features/ficha-clinica.feature:4)
&amp#27;[0m
  &amp#27;[36mWhen &amp#27;[0m&amp#27;[36mcompleta la ficha con &amp#27;[0m&amp#27;[36m&amp#27;[1mVíctor M&amp#27;[0m&amp#27;[36m, &amp#27;[0m&amp#27;[36m&amp#27;[1mPediátrico&amp#27;[0m&amp#27;[36m, &amp#27;[0m&amp#27;[36m&amp#27;[1m11&amp#27;[0m&amp#27;[36m y &amp#27;[0m&amp#27;[36m&amp#27;[1mTerapia kine&amp#27;[0m &amp#27;[90m# cl.kibernum.steps.FichaClinicaSteps.completa_la_ficha_con_paciente_diagnostico_edad_y_tratamiento(java.lang.String,java.lang.String,int,java.lang.String)&amp#27;[0m
  &amp#27;[36mThen &amp#27;[0m&amp#27;[36mrecibe el mensaje Ficha registrada con éxito.&amp#27;[0m
]]></system-out>
    <system-err><![CDATA[ago 12, 2025 7:46:05 P. M. org.openqa.selenium.devtools.CdpVersionFinder findNearestMatch
WARNING: Unable to find CDP implementation matching 139
ago 12, 2025 7:46:05 P. M. org.openqa.selenium.chromium.ChromiumDriver lambda$new$5
WARNING: Unable to find version of CDP to use for 139.0.7258.67. You may need to include a dependency on a specific version of the CDP using something similar to `org.seleniumhq.selenium:selenium-devtools-v86:4.21.0` where the version ("v86") matches the version of the chromium-based browser you're using and the version number of the artifact is the same as Selenium's.
]]></system-err>
  </testcase>
  <testcase name="Example #1.4" classname="cl.kibernum.RunCucumberTest" time="1.573">
    <error message="Cannot invoke &quot;cl.kibernum.pages.FichaClinica.navigateTo()&quot; because &quot;this.fichaClinica&quot; is null" type="java.lang.NullPointerException">java.lang.NullPointerException: Cannot invoke "cl.kibernum.pages.FichaClinica.navigateTo()" because "this.fichaClinica" is null
</error>
    <system-out><![CDATA[
@ficha
Scenario Outline: Completar datos del paciente en ficha clínica &amp#27;[90m# features/ficha-clinica.feature:13&amp#27;[0m
  &amp#27;[31mGiven &amp#27;[0m&amp#27;[31mque el usuario está en el formulario de ficha clínica&amp#27;[0m   &amp#27;[90m# cl.kibernum.steps.FichaClinicaSteps.que_el_usuario_está_en_el_formulario_de_ficha_clínica()&amp#27;[0m
      &amp#27;[31mjava.lang.NullPointerException: Cannot invoke "cl.kibernum.pages.FichaClinica.navigateTo()" because "this.fichaClinica" is null
	at cl.kibernum.steps.FichaClinicaSteps.que_el_usuario_está_en_el_formulario_de_ficha_clínica(FichaClinicaSteps.java:17)
	at ✽.que el usuario está en el formulario de ficha clínica(classpath:features/ficha-clinica.feature:4)
&amp#27;[0m
  &amp#27;[36mWhen &amp#27;[0m&amp#27;[36mcompleta la ficha con &amp#27;[0m&amp#27;[36m&amp#27;[1mFrancisca&amp#27;[0m&amp#27;[36m, &amp#27;[0m&amp#27;[36m&amp#27;[1mGripe&amp#27;[0m&amp#27;[36m, &amp#27;[0m&amp#27;[36m&amp#27;[1m12&amp#27;[0m&amp#27;[36m y &amp#27;[0m&amp#27;[36m&amp#27;[1mNastizol&amp#27;[0m    &amp#27;[90m# cl.kibernum.steps.FichaClinicaSteps.completa_la_ficha_con_paciente_diagnostico_edad_y_tratamiento(java.lang.String,java.lang.String,int,java.lang.String)&amp#27;[0m
  &amp#27;[36mThen &amp#27;[0m&amp#27;[36mrecibe el mensaje Ficha registrada con éxito.&amp#27;[0m
]]></system-out>
    <system-err><![CDATA[ago 12, 2025 7:46:06 P. M. org.openqa.selenium.devtools.CdpVersionFinder findNearestMatch
WARNING: Unable to find CDP implementation matching 139
ago 12, 2025 7:46:06 P. M. org.openqa.selenium.chromium.ChromiumDriver lambda$new$5
WARNING: Unable to find version of CDP to use for 139.0.7258.67. You may need to include a dependency on a specific version of the CDP using something similar to `org.seleniumhq.selenium:selenium-devtools-v86:4.21.0` where the version ("v86") matches the version of the chromium-based browser you're using and the version number of the artifact is the same as Selenium's.
]]></system-err>
  </testcase>
  <testcase name="Example #1.5" classname="cl.kibernum.RunCucumberTest" time="1.788">
    <error message="Cannot invoke &quot;cl.kibernum.pages.FichaClinica.navigateTo()&quot; because &quot;this.fichaClinica&quot; is null" type="java.lang.NullPointerException">java.lang.NullPointerException: Cannot invoke "cl.kibernum.pages.FichaClinica.navigateTo()" because "this.fichaClinica" is null
</error>
    <system-out><![CDATA[
@ficha
Scenario Outline: Completar datos del paciente en ficha clínica &amp#27;[90m# features/ficha-clinica.feature:14&amp#27;[0m
  &amp#27;[31mGiven &amp#27;[0m&amp#27;[31mque el usuario está en el formulario de ficha clínica&amp#27;[0m   &amp#27;[90m# cl.kibernum.steps.FichaClinicaSteps.que_el_usuario_está_en_el_formulario_de_ficha_clínica()&amp#27;[0m
      &amp#27;[31mjava.lang.NullPointerException: Cannot invoke "cl.kibernum.pages.FichaClinica.navigateTo()" because "this.fichaClinica" is null
	at cl.kibernum.steps.FichaClinicaSteps.que_el_usuario_está_en_el_formulario_de_ficha_clínica(FichaClinicaSteps.java:17)
	at ✽.que el usuario está en el formulario de ficha clínica(classpath:features/ficha-clinica.feature:4)
&amp#27;[0m
  &amp#27;[36mWhen &amp#27;[0m&amp#27;[36mcompleta la ficha con Juana S, , 39 y Ejercicios&amp#27;[0m
  &amp#27;[36mThen &amp#27;[0m&amp#27;[36mrecibe el mensaje Todos los campos son obligatorios.&amp#27;[0m
]]></system-out>
    <system-err><![CDATA[ago 12, 2025 7:46:08 P. M. org.openqa.selenium.devtools.CdpVersionFinder findNearestMatch
WARNING: Unable to find CDP implementation matching 139
ago 12, 2025 7:46:08 P. M. org.openqa.selenium.chromium.ChromiumDriver lambda$new$5
WARNING: Unable to find version of CDP to use for 139.0.7258.67. You may need to include a dependency on a specific version of the CDP using something similar to `org.seleniumhq.selenium:selenium-devtools-v86:4.21.0` where the version ("v86") matches the version of the chromium-based browser you're using and the version number of the artifact is the same as Selenium's.
]]></system-err>
  </testcase>
  <testcase name="Example #1.6" classname="cl.kibernum.RunCucumberTest" time="1.667">
    <error message="Cannot invoke &quot;cl.kibernum.pages.FichaClinica.navigateTo()&quot; because &quot;this.fichaClinica&quot; is null" type="java.lang.NullPointerException">java.lang.NullPointerException: Cannot invoke "cl.kibernum.pages.FichaClinica.navigateTo()" because "this.fichaClinica" is null
</error>
    <system-out><![CDATA[
@ficha
Scenario Outline: Completar datos del paciente en ficha clínica &amp#27;[90m# features/ficha-clinica.feature:15&amp#27;[0m
  &amp#27;[31mGiven &amp#27;[0m&amp#27;[31mque el usuario está en el formulario de ficha clínica&amp#27;[0m   &amp#27;[90m# cl.kibernum.steps.FichaClinicaSteps.que_el_usuario_está_en_el_formulario_de_ficha_clínica()&amp#27;[0m
      &amp#27;[31mjava.lang.NullPointerException: Cannot invoke "cl.kibernum.pages.FichaClinica.navigateTo()" because "this.fichaClinica" is null
	at cl.kibernum.steps.FichaClinicaSteps.que_el_usuario_está_en_el_formulario_de_ficha_clínica(FichaClinicaSteps.java:17)
	at ✽.que el usuario está en el formulario de ficha clínica(classpath:features/ficha-clinica.feature:4)
&amp#27;[0m
  &amp#27;[36mWhen &amp#27;[0m&amp#27;[36mcompleta la ficha con , lumbago, 21 y Ejercicios&amp#27;[0m
  &amp#27;[36mThen &amp#27;[0m&amp#27;[36mrecibe el mensaje Todos los campos son obligatorios.&amp#27;[0m
]]></system-out>
    <system-err><![CDATA[ago 12, 2025 7:46:10 P. M. org.openqa.selenium.devtools.CdpVersionFinder findNearestMatch
WARNING: Unable to find CDP implementation matching 139
ago 12, 2025 7:46:10 P. M. org.openqa.selenium.chromium.ChromiumDriver lambda$new$5
WARNING: Unable to find version of CDP to use for 139.0.7258.67. You may need to include a dependency on a specific version of the CDP using something similar to `org.seleniumhq.selenium:selenium-devtools-v86:4.21.0` where the version ("v86") matches the version of the chromium-based browser you're using and the version number of the artifact is the same as Selenium's.
]]></system-err>
  </testcase>
  <testcase name="Example #1.7" classname="cl.kibernum.RunCucumberTest" time="2.029">
    <error message="Cannot invoke &quot;cl.kibernum.pages.FichaClinica.navigateTo()&quot; because &quot;this.fichaClinica&quot; is null" type="java.lang.NullPointerException">java.lang.NullPointerException: Cannot invoke "cl.kibernum.pages.FichaClinica.navigateTo()" because "this.fichaClinica" is null
</error>
    <system-out><![CDATA[
@ficha
Scenario Outline: Completar datos del paciente en ficha clínica          &amp#27;[90m# features/ficha-clinica.feature:16&amp#27;[0m
  &amp#27;[31mGiven &amp#27;[0m&amp#27;[31mque el usuario está en el formulario de ficha clínica&amp#27;[0m            &amp#27;[90m# cl.kibernum.steps.FichaClinicaSteps.que_el_usuario_está_en_el_formulario_de_ficha_clínica()&amp#27;[0m
      &amp#27;[31mjava.lang.NullPointerException: Cannot invoke "cl.kibernum.pages.FichaClinica.navigateTo()" because "this.fichaClinica" is null
	at cl.kibernum.steps.FichaClinicaSteps.que_el_usuario_está_en_el_formulario_de_ficha_clínica(FichaClinicaSteps.java:17)
	at ✽.que el usuario está en el formulario de ficha clínica(classpath:features/ficha-clinica.feature:4)
&amp#27;[0m
  &amp#27;[36mWhen &amp#27;[0m&amp#27;[36mcompleta la ficha con Luisa M, hipertensión,  y Antihipertensivos&amp#27;[0m
  &amp#27;[36mThen &amp#27;[0m&amp#27;[36mrecibe el mensaje Todos los campos son obligatorios.&amp#27;[0m
]]></system-out>
    <system-err><![CDATA[ago 12, 2025 7:46:12 P. M. org.openqa.selenium.devtools.CdpVersionFinder findNearestMatch
WARNING: Unable to find CDP implementation matching 139
ago 12, 2025 7:46:12 P. M. org.openqa.selenium.chromium.ChromiumDriver lambda$new$5
WARNING: Unable to find version of CDP to use for 139.0.7258.67. You may need to include a dependency on a specific version of the CDP using something similar to `org.seleniumhq.selenium:selenium-devtools-v86:4.21.0` where the version ("v86") matches the version of the chromium-based browser you're using and the version number of the artifact is the same as Selenium's.
]]></system-err>
  </testcase>
  <testcase name="Example #1.8" classname="cl.kibernum.RunCucumberTest" time="2.683">
    <error message="Cannot invoke &quot;cl.kibernum.pages.FichaClinica.navigateTo()&quot; because &quot;this.fichaClinica&quot; is null" type="java.lang.NullPointerException">java.lang.NullPointerException: Cannot invoke "cl.kibernum.pages.FichaClinica.navigateTo()" because "this.fichaClinica" is null
</error>
    <system-out><![CDATA[
@ficha
Scenario Outline: Completar datos del paciente en ficha clínica                                                  &amp#27;[90m# features/ficha-clinica.feature:17&amp#27;[0m
  &amp#27;[31mGiven &amp#27;[0m&amp#27;[31mque el usuario está en el formulario de ficha clínica&amp#27;[0m                                                    &amp#27;[90m# cl.kibernum.steps.FichaClinicaSteps.que_el_usuario_está_en_el_formulario_de_ficha_clínica()&amp#27;[0m
      &amp#27;[31mjava.lang.NullPointerException: Cannot invoke "cl.kibernum.pages.FichaClinica.navigateTo()" because "this.fichaClinica" is null
	at cl.kibernum.steps.FichaClinicaSteps.que_el_usuario_está_en_el_formulario_de_ficha_clínica(FichaClinicaSteps.java:17)
	at ✽.que el usuario está en el formulario de ficha clínica(classpath:features/ficha-clinica.feature:4)
&amp#27;[0m
  &amp#27;[36mWhen &amp#27;[0m&amp#27;[36mcompleta la ficha con Juan B, otitis, 45 y &amp#27;[0m
  &amp#27;[36mThen &amp#27;[0m&amp#27;[36mrecibe el mensaje Todos los campos son obligatorios. El tratamiento es obligatorio para guardar la ficha.&amp#27;[0m
]]></system-out>
    <system-err><![CDATA[ago 12, 2025 7:46:14 P. M. org.openqa.selenium.devtools.CdpVersionFinder findNearestMatch
WARNING: Unable to find CDP implementation matching 139
ago 12, 2025 7:46:14 P. M. org.openqa.selenium.chromium.ChromiumDriver lambda$new$5
WARNING: Unable to find version of CDP to use for 139.0.7258.67. You may need to include a dependency on a specific version of the CDP using something similar to `org.seleniumhq.selenium:selenium-devtools-v86:4.21.0` where the version ("v86") matches the version of the chromium-based browser you're using and the version number of the artifact is the same as Selenium's.
]]></system-err>
  </testcase>
  <testcase name="Example #1.9" classname="cl.kibernum.RunCucumberTest" time="3.847">
    <error message="Cannot invoke &quot;cl.kibernum.pages.FichaClinica.navigateTo()&quot; because &quot;this.fichaClinica&quot; is null" type="java.lang.NullPointerException">java.lang.NullPointerException: Cannot invoke "cl.kibernum.pages.FichaClinica.navigateTo()" because "this.fichaClinica" is null
</error>
    <system-out><![CDATA[
@ficha
Scenario Outline: Completar datos del paciente en ficha clínica                                                                                                                 &amp#27;[90m# features/ficha-clinica.feature:18&amp#27;[0m
  &amp#27;[31mGiven &amp#27;[0m&amp#27;[31mque el usuario está en el formulario de ficha clínica&amp#27;[0m                                                                                                                   &amp#27;[90m# cl.kibernum.steps.FichaClinicaSteps.que_el_usuario_está_en_el_formulario_de_ficha_clínica()&amp#27;[0m
      &amp#27;[31mjava.lang.NullPointerException: Cannot invoke "cl.kibernum.pages.FichaClinica.navigateTo()" because "this.fichaClinica" is null
	at cl.kibernum.steps.FichaClinicaSteps.que_el_usuario_está_en_el_formulario_de_ficha_clínica(FichaClinicaSteps.java:17)
	at ✽.que el usuario está en el formulario de ficha clínica(classpath:features/ficha-clinica.feature:4)
&amp#27;[0m
  &amp#27;[36mWhen &amp#27;[0m&amp#27;[36mcompleta la ficha con Miguel, otitis, 10 y &amp#27;[0m
  &amp#27;[36mThen &amp#27;[0m&amp#27;[36mrecibe el mensaje Todos los campos son obligatorios. Para menores de 12 años, el diagnóstico debe ser "Pediátrico". El tratamiento es obligatorio para guardar la ficha.&amp#27;[0m
]]></system-out>
    <system-err><![CDATA[ago 12, 2025 7:46:17 P. M. org.openqa.selenium.devtools.CdpVersionFinder findNearestMatch
WARNING: Unable to find CDP implementation matching 139
ago 12, 2025 7:46:17 P. M. org.openqa.selenium.chromium.ChromiumDriver lambda$new$5
WARNING: Unable to find version of CDP to use for 139.0.7258.67. You may need to include a dependency on a specific version of the CDP using something similar to `org.seleniumhq.selenium:selenium-devtools-v86:4.21.0` where the version ("v86") matches the version of the chromium-based browser you're using and the version number of the artifact is the same as Selenium's.
]]></system-err>
  </testcase>
  <testcase name="Example #1.10" classname="cl.kibernum.RunCucumberTest" time="4.146">
    <error message="Cannot invoke &quot;cl.kibernum.pages.FichaClinica.navigateTo()&quot; because &quot;this.fichaClinica&quot; is null" type="java.lang.NullPointerException">java.lang.NullPointerException: Cannot invoke "cl.kibernum.pages.FichaClinica.navigateTo()" because "this.fichaClinica" is null
</error>
    <system-out><![CDATA[
@ficha
Scenario Outline: Completar datos del paciente en ficha clínica &amp#27;[90m# features/ficha-clinica.feature:19&amp#27;[0m
  &amp#27;[31mGiven &amp#27;[0m&amp#27;[31mque el usuario está en el formulario de ficha clínica&amp#27;[0m   &amp#27;[90m# cl.kibernum.steps.FichaClinicaSteps.que_el_usuario_está_en_el_formulario_de_ficha_clínica()&amp#27;[0m
      &amp#27;[31mjava.lang.NullPointerException: Cannot invoke "cl.kibernum.pages.FichaClinica.navigateTo()" because "this.fichaClinica" is null
	at cl.kibernum.steps.FichaClinicaSteps.que_el_usuario_está_en_el_formulario_de_ficha_clínica(FichaClinicaSteps.java:17)
	at ✽.que el usuario está en el formulario de ficha clínica(classpath:features/ficha-clinica.feature:4)
&amp#27;[0m
  &amp#27;[36mWhen &amp#27;[0m&amp#27;[36mcompleta la ficha con , ,  y &amp#27;[0m
  &amp#27;[36mThen &amp#27;[0m&amp#27;[36mrecibe el mensaje Todos los campos son obligatorios.&amp#27;[0m
]]></system-out>
    <system-err><![CDATA[ago 12, 2025 7:46:22 P. M. org.openqa.selenium.devtools.CdpVersionFinder findNearestMatch
WARNING: Unable to find CDP implementation matching 139
ago 12, 2025 7:46:22 P. M. org.openqa.selenium.chromium.ChromiumDriver lambda$new$5
WARNING: Unable to find version of CDP to use for 139.0.7258.67. You may need to include a dependency on a specific version of the CDP using something similar to `org.seleniumhq.selenium:selenium-devtools-v86:4.21.0` where the version ("v86") matches the version of the chromium-based browser you're using and the version number of the artifact is the same as Selenium's.
]]></system-err>
  </testcase>
  <testcase name="Validación de edad del paciente" classname="cl.kibernum.RunCucumberTest" time="3.197">
    <error message="The step &apos;el paciente es menor de 12 años&apos; and 1 other step(s) are undefined.&#10;You can implement these steps using the snippet(s) below:&#10;&#10;@When(&quot;el paciente es menor de {int} años&quot;)&#10;public void el_paciente_es_menor_de_años(Integer int1) {&#10;    // Write code here that turns the phrase above into concrete actions&#10;    throw new io.cucumber.java.PendingException();&#10;}&#10;@Then(&quot;debe ser paciente {string}&quot;)&#10;public void debe_ser_paciente(String string) {&#10;    // Write code here that turns the phrase above into concrete actions&#10;    throw new io.cucumber.java.PendingException();&#10;}&#10;" type="io.cucumber.junit.platform.engine.UndefinedStepException">io.cucumber.junit.platform.engine.UndefinedStepException: 
The step 'el paciente es menor de 12 años' and 1 other step(s) are undefined.
You can implement these steps using the snippet(s) below:

@When("el paciente es menor de {int} años")
public void el_paciente_es_menor_de_años(Integer int1) {
    // Write code here that turns the phrase above into concrete actions
    throw new io.cucumber.java.PendingException();
}
@Then("debe ser paciente {string}")
public void debe_ser_paciente(String string) {
    // Write code here that turns the phrase above into concrete actions
    throw new io.cucumber.java.PendingException();
}

</error>
    <system-out><![CDATA[
@reglas
Scenario: Validación de edad del paciente &amp#27;[90m# features/reglas-clinicas.feature:3&amp#27;[0m
  &amp#27;[33mWhen &amp#27;[0m&amp#27;[33mel paciente es menor de 12 años&amp#27;[0m
  &amp#27;[36mThen &amp#27;[0m&amp#27;[36mdebe ser paciente "pediátrico"&amp#27;[0m
]]></system-out>
    <system-err><![CDATA[ago 12, 2025 7:46:35 P. M. org.openqa.selenium.devtools.CdpVersionFinder findNearestMatch
WARNING: Unable to find CDP implementation matching 139
ago 12, 2025 7:46:35 P. M. org.openqa.selenium.chromium.ChromiumDriver lambda$new$5
WARNING: Unable to find version of CDP to use for 139.0.7258.67. You may need to include a dependency on a specific version of the CDP using something similar to `org.seleniumhq.selenium:selenium-devtools-v86:4.21.0` where the version ("v86") matches the version of the chromium-based browser you're using and the version number of the artifact is the same as Selenium's.
]]></system-err>
  </testcase>
  <testcase name="Validación ficha clínica" classname="cl.kibernum.RunCucumberTest" time="2.606">
    <error message="The step &apos;no se completa el tratamiento&apos; and 1 other step(s) are undefined.&#10;You can implement these steps using the snippet(s) below:&#10;&#10;@When(&quot;no se completa el tratamiento&quot;)&#10;public void no_se_completa_el_tratamiento() {&#10;    // Write code here that turns the phrase above into concrete actions&#10;    throw new io.cucumber.java.PendingException();&#10;}&#10;@Then(&quot;no se puede guardar la ficha clínica&quot;)&#10;public void no_se_puede_guardar_la_ficha_clínica() {&#10;    // Write code here that turns the phrase above into concrete actions&#10;    throw new io.cucumber.java.PendingException();&#10;}&#10;" type="io.cucumber.junit.platform.engine.UndefinedStepException">io.cucumber.junit.platform.engine.UndefinedStepException: 
The step 'no se completa el tratamiento' and 1 other step(s) are undefined.
You can implement these steps using the snippet(s) below:

@When("no se completa el tratamiento")
public void no_se_completa_el_tratamiento() {
    // Write code here that turns the phrase above into concrete actions
    throw new io.cucumber.java.PendingException();
}
@Then("no se puede guardar la ficha clínica")
public void no_se_puede_guardar_la_ficha_clínica() {
    // Write code here that turns the phrase above into concrete actions
    throw new io.cucumber.java.PendingException();
}

</error>
    <system-out><![CDATA[
@reglas
Scenario: Validación ficha clínica          &amp#27;[90m# features/reglas-clinicas.feature:7&amp#27;[0m
  &amp#27;[33mWhen &amp#27;[0m&amp#27;[33mno se completa el tratamiento&amp#27;[0m
  &amp#27;[36mThen &amp#27;[0m&amp#27;[36mno se puede guardar la ficha clínica&amp#27;[0m
]]></system-out>
    <system-err><![CDATA[ago 12, 2025 7:46:37 P. M. org.openqa.selenium.devtools.CdpVersionFinder findNearestMatch
WARNING: Unable to find CDP implementation matching 139
ago 12, 2025 7:46:37 P. M. org.openqa.selenium.chromium.ChromiumDriver lambda$new$5
WARNING: Unable to find version of CDP to use for 139.0.7258.67. You may need to include a dependency on a specific version of the CDP using something similar to `org.seleniumhq.selenium:selenium-devtools-v86:4.21.0` where the version ("v86") matches the version of the chromium-based browser you're using and the version number of the artifact is the same as Selenium's.
]]></system-err>
  </testcase>
</testsuite>